2025-02-19 19:38:43,225 - WARNING - Retrying (Retry(total=2, connect=None, read=None, redirect=None, status=None)) after connection broken by 'NewConnectionError('<urllib3.connection.HTTPConnection object at 0x00000206620DF0E0>: Failed to establish a new connection: [WinError 10061] Подключение не установлено, т.к. конечный компьютер отверг запрос на подключение')': /session
2025-02-19 19:38:45,275 - WARNING - Retrying (Retry(total=1, connect=None, read=None, redirect=None, status=None)) after connection broken by 'NewConnectionError('<urllib3.connection.HTTPConnection object at 0x00000206621074D0>: Failed to establish a new connection: [WinError 10061] Подключение не установлено, т.к. конечный компьютер отверг запрос на подключение')': /session
2025-02-19 19:38:47,341 - WARNING - Retrying (Retry(total=0, connect=None, read=None, redirect=None, status=None)) after connection broken by 'NewConnectionError('<urllib3.connection.HTTPConnection object at 0x0000020662107750>: Failed to establish a new connection: [WinError 10061] Подключение не установлено, т.к. конечный компьютер отверг запрос на подключение')': /session
2025-02-19 19:38:49,390 - ERROR - \u274c Не удалось подключиться к порту: 9222 - HTTPConnectionPool(host='127.0.0.1', port=9222): Max retries exceeded with url: /session (Caused by NewConnectionError('<urllib3.connection.HTTPConnection object at 0x00000206620B2EA0>: Failed to establish a new connection: [WinError 10061] Подключение не установлено, т.к. конечный компьютер отверг запрос на подключение'))
2025-02-19 19:38:49,392 - WARNING - \u26a0\ufe0f Порт 9222 недоступен. Пробуем следующий.
2025-02-19 19:38:51,456 - WARNING - Retrying (Retry(total=2, connect=None, read=None, redirect=None, status=None)) after connection broken by 'NewConnectionError('<urllib3.connection.HTTPConnection object at 0x00000206620B3490>: Failed to establish a new connection: [WinError 10061] Подключение не установлено, т.к. конечный компьютер отверг запрос на подключение')': /session
2025-02-19 19:39:36,977 - ERROR - \u274c Не удалось подключиться к порту: 9222 - object of type 'int' has no len()
2025-02-19 19:39:36,978 - WARNING - \u26a0\ufe0f Порт 9222 недоступен. Пробуем следующий.
2025-02-19 19:39:39,007 - WARNING - Retrying (Retry(total=2, connect=None, read=None, redirect=None, status=None)) after connection broken by 'NewConnectionError('<urllib3.connection.HTTPConnection object at 0x0000020319DF7750>: Failed to establish a new connection: [WinError 10061] Подключение не установлено, т.к. конечный компьютер отверг запрос на подключение')': /session
2025-02-19 19:39:41,040 - WARNING - Retrying (Retry(total=1, connect=None, read=None, redirect=None, status=None)) after connection broken by 'NewConnectionError('<urllib3.connection.HTTPConnection object at 0x0000020319DF79D0>: Failed to establish a new connection: [WinError 10061] Подключение не установлено, т.к. конечный компьютер отверг запрос на подключение')': /session
2025-02-19 19:39:43,089 - WARNING - Retrying (Retry(total=0, connect=None, read=None, redirect=None, status=None)) after connection broken by 'NewConnectionError('<urllib3.connection.HTTPConnection object at 0x0000020319DA2FD0>: Failed to establish a new connection: [WinError 10061] Подключение не установлено, т.к. конечный компьютер отверг запрос на подключение')': /session
2025-02-19 19:39:45,105 - ERROR - \u274c Не удалось подключиться к порту: 9223 - HTTPConnectionPool(host='127.0.0.1', port=9223): Max retries exceeded with url: /session (Caused by NewConnectionError('<urllib3.connection.HTTPConnection object at 0x0000020319DA3230>: Failed to establish a new connection: [WinError 10061] Подключение не установлено, т.к. конечный компьютер отверг запрос на подключение'))
2025-02-19 19:39:45,106 - WARNING - \u26a0\ufe0f Порт 9223 недоступен. Пробуем следующий.
2025-02-19 19:50:46,509 - INFO - \U0001f680 Запуск бота на порту 9222
2025-02-19 19:50:46,509 - INFO - ====== WebDriver manager ======
2025-02-19 19:50:52,989 - INFO - Get LATEST chromedriver version for google-chrome
2025-02-19 19:50:53,501 - INFO - Get LATEST chromedriver version for google-chrome
2025-02-19 19:50:53,916 - INFO - Driver [C:\Users\Admin\.wdm\drivers\chromedriver\win64\133.0.6943.126\chromedriver-win32/chromedriver.exe] found in cache
2025-02-19 19:52:37,036 - INFO - \U0001f680 Запуск бота на порту 9222
2025-02-19 19:52:37,036 - INFO - ====== WebDriver manager ======
2025-02-19 19:52:38,166 - INFO - Get LATEST chromedriver version for google-chrome
2025-02-19 19:52:38,614 - INFO - Get LATEST chromedriver version for google-chrome
2025-02-19 19:52:39,014 - INFO - Driver [C:\Users\Admin\.wdm\drivers\chromedriver\win64\133.0.6943.126\chromedriver-win32/chromedriver.exe] found in cache
2025-02-19 19:52:48,224 - INFO - \U0001f680 Запуск бота на порту 9222
2025-02-19 19:52:48,224 - INFO - ====== WebDriver manager ======
2025-02-19 19:52:49,078 - INFO - Get LATEST chromedriver version for google-chrome
2025-02-19 19:52:49,488 - INFO - Get LATEST chromedriver version for google-chrome
2025-02-19 19:52:49,897 - INFO - Driver [C:\Users\Admin\.wdm\drivers\chromedriver\win64\133.0.6943.126\chromedriver-win32/chromedriver.exe] found in cache
2025-02-19 19:54:18,056 - INFO - \U0001f680 Запуск бота на порту 9222
2025-02-19 19:54:18,057 - INFO - ====== WebDriver manager ======
2025-02-19 19:54:18,963 - INFO - Get LATEST chromedriver version for google-chrome
2025-02-19 19:54:19,339 - INFO - Get LATEST chromedriver version for google-chrome
2025-02-19 19:54:19,777 - INFO - Driver [C:\Users\Admin\.wdm\drivers\chromedriver\win64\133.0.6943.126\chromedriver-win32/chromedriver.exe] found in cache
2025-02-19 19:54:44,651 - INFO - \U0001f680 Запуск бота на порту 9222
2025-02-19 19:54:44,652 - INFO - ====== WebDriver manager ======
2025-02-19 19:54:45,521 - INFO - Get LATEST chromedriver version for google-chrome
2025-02-19 19:54:45,963 - INFO - Get LATEST chromedriver version for google-chrome
2025-02-19 19:54:46,348 - INFO - Driver [C:\Users\Admin\.wdm\drivers\chromedriver\win64\133.0.6943.126\chromedriver-win32/chromedriver.exe] found in cache
2025-02-19 19:55:12,057 - INFO - \U0001f680 Запуск бота на порту 9222
2025-02-19 19:55:12,057 - INFO - ====== WebDriver manager ======
2025-02-19 19:55:12,970 - INFO - Get LATEST chromedriver version for google-chrome
2025-02-19 19:55:13,364 - INFO - Get LATEST chromedriver version for google-chrome
2025-02-19 19:55:13,755 - INFO - Driver [C:\Users\Admin\.wdm\drivers\chromedriver\win64\133.0.6943.126\chromedriver-win32/chromedriver.exe] found in cache
2025-02-19 19:56:52,371 - INFO - \U0001f680 Запуск бота на порту 9222
2025-02-19 19:56:52,426 - INFO - ====== WebDriver manager ======
2025-02-19 19:56:53,297 - INFO - Get LATEST chromedriver version for google-chrome
2025-02-19 19:56:53,741 - INFO - Get LATEST chromedriver version for google-chrome
2025-02-19 19:56:54,209 - INFO - Driver [C:\Users\Admin\.wdm\drivers\chromedriver\win64\133.0.6943.126\chromedriver-win32/chromedriver.exe] found in cache
2025-02-19 19:58:43,611 - INFO - \U0001f680 Запуск бота на порту 9222
2025-02-19 19:58:43,612 - INFO - ====== WebDriver manager ======
2025-02-19 19:58:44,514 - INFO - Get LATEST chromedriver version for google-chrome
2025-02-19 19:58:44,947 - INFO - Get LATEST chromedriver version for google-chrome
2025-02-19 19:58:45,356 - INFO - Driver [C:\Users\Admin\.wdm\drivers\chromedriver\win64\133.0.6943.126\chromedriver-win32/chromedriver.exe] found in cache
2025-02-20 09:19:37,848 - INFO - \U0001f680 Запуск бота на порту 9222
2025-02-20 09:19:37,849 - INFO - ====== WebDriver manager ======
2025-02-20 09:19:38,689 - INFO - Get LATEST chromedriver version for google-chrome
2025-02-20 09:19:39,658 - INFO - Get LATEST chromedriver version for google-chrome
2025-02-20 09:19:40,396 - INFO - Get LATEST chromedriver version for google-chrome
2025-02-20 09:19:42,292 - INFO - WebDriver version 133.0.6943.126 selected
2025-02-20 09:19:42,295 - INFO - Modern chrome version https://storage.googleapis.com/chrome-for-testing-public/133.0.6943.126/win32/chromedriver-win32.zip
2025-02-20 09:19:42,295 - INFO - About to download new driver from https://storage.googleapis.com/chrome-for-testing-public/133.0.6943.126/win32/chromedriver-win32.zip
2025-02-20 09:19:43,044 - INFO - Driver downloading response is 200
2025-02-20 09:21:28,478 - INFO - Get LATEST chromedriver version for google-chrome
2025-02-20 09:21:31,039 - INFO - Driver has been saved in cache [C:\Users\Admin\.wdm\drivers\chromedriver\win64\133.0.6943.126]
2025-02-20 09:28:47,060 - INFO - \U0001f680 Запуск бота на порту 9222
2025-02-20 09:28:47,060 - INFO - ====== WebDriver manager ======
2025-02-20 09:28:47,850 - INFO - Get LATEST chromedriver version for google-chrome
2025-02-20 09:28:48,806 - INFO - Get LATEST chromedriver version for google-chrome
2025-02-20 09:28:49,197 - INFO - Driver [C:\Users\Admin\.wdm\drivers\chromedriver\win64\133.0.6943.126\chromedriver-win32/chromedriver.exe] found in cache
2025-02-20 09:29:19,044 - INFO - \u2705 Успешная авторизация в Twitch.
2025-02-20 09:46:27,891 - INFO - \U0001f680 Запуск бота на порту 9222
2025-02-20 09:46:27,891 - INFO - ====== WebDriver manager ======
2025-02-20 09:46:28,629 - INFO - Get LATEST chromedriver version for google-chrome
2025-02-20 09:46:29,069 - INFO - Get LATEST chromedriver version for google-chrome
2025-02-20 09:46:29,458 - INFO - Driver [C:\Users\Admin\.wdm\drivers\chromedriver\win64\133.0.6943.126\chromedriver-win32/chromedriver.exe] found in cache
2025-02-20 09:46:32,912 - INFO - \u2705 Успешная авторизация в Twitch.
2025-02-20 09:55:18,230 - WARNING - \u26a0\ufe0f Порт 9223 недоступен. Пробуем следующий.
2025-02-20 10:23:51,100 - WARNING - \u26a0\ufe0f Порт 9222 недоступен. Пробуем следующий.
2025-02-20 10:23:53,162 - WARNING - \u26a0\ufe0f Порт 9223 недоступен. Пробуем следующий.
2025-02-20 10:24:21,546 - INFO - \U0001f680 Запуск бота на порту 9222
2025-02-20 10:24:21,546 - INFO - ====== WebDriver manager ======
2025-02-20 10:24:22,652 - INFO - Get LATEST chromedriver version for google-chrome
2025-02-20 10:24:23,074 - INFO - Get LATEST chromedriver version for google-chrome
2025-02-20 10:24:23,465 - INFO - Driver [C:\Users\Admin\.wdm\drivers\chromedriver\win64\133.0.6943.126\chromedriver-win32/chromedriver.exe] found in cache
2025-02-20 10:24:26,902 - INFO - \u2705 Успешная авторизация в Twitch.
