2025-02-21 11:37:14,462 - INFO - ====== WebDriver manager ======
2025-02-21 11:37:15,421 - INFO - Get LATEST chromedriver version for google-chrome
2025-02-21 11:37:15,988 - INFO - Get LATEST chromedriver version for google-chrome
2025-02-21 11:37:16,429 - INFO - Driver [C:\Users\Admin\.wdm\drivers\chromedriver\win64\133.0.6943.126\chromedriver-win32/chromedriver.exe] found in cache
2025-02-21 11:37:51,714 - INFO - en: 40 каналов загружено.
2025-02-21 11:37:57,963 - INFO - База данных обновлена новыми каналами.
2025-02-21 11:39:03,088 - INFO - ====== WebDriver manager ======
2025-02-21 11:39:03,835 - INFO - Get LATEST chromedriver version for google-chrome
2025-02-21 11:39:04,264 - INFO - Get LATEST chromedriver version for google-chrome
2025-02-21 11:39:04,691 - INFO - Driver [C:\Users\Admin\.wdm\drivers\chromedriver\win64\133.0.6943.126\chromedriver-win32/chromedriver.exe] found in cache
2025-02-21 11:39:33,170 - INFO - en: 37 каналов загружено.
2025-02-21 11:39:41,471 - INFO - База данных обновлена новыми каналами.
2025-02-21 11:44:32,204 - INFO - ====== WebDriver manager ======
2025-02-21 11:44:32,950 - INFO - Get LATEST chromedriver version for google-chrome
2025-02-21 11:44:33,363 - INFO - Get LATEST chromedriver version for google-chrome
2025-02-21 11:44:33,827 - INFO - Driver [C:\Users\Admin\.wdm\drivers\chromedriver\win64\133.0.6943.126\chromedriver-win32/chromedriver.exe] found in cache
2025-02-21 11:45:42,778 - INFO - en: 40 каналов загружено.
2025-02-21 11:45:48,991 - INFO - База данных обновлена новыми каналами.
2025-02-21 12:07:10,829 - INFO - ====== WebDriver manager ======
2025-02-21 12:07:11,692 - INFO - Get LATEST chromedriver version for google-chrome
2025-02-21 12:07:12,235 - INFO - База данных обновлена новыми каналами.
2025-02-21 12:08:43,218 - INFO - ====== WebDriver manager ======
2025-02-21 12:08:43,970 - INFO - Get LATEST chromedriver version for google-chrome
2025-02-21 12:08:44,429 - INFO - Get LATEST chromedriver version for google-chrome
2025-02-21 12:08:44,836 - INFO - Driver [C:\Users\Admin\.wdm\drivers\chromedriver\win64\133.0.6943.126\chromedriver-win32/chromedriver.exe] found in cache
2025-02-21 12:09:31,620 - INFO - en: 39 каналов загружено.
2025-02-21 12:09:37,881 - INFO - База данных обновлена новыми каналами.
