2025-02-25 09:50:15,351 - INFO - Сообщение отправлено на Салам: 
2025-02-25 10:56:43,823 - ERROR - Ошибка при отправке на 77002896264: Message: no such window: target window already closed
from unknown error: web view not found
  (Session info: chrome=133.0.6943.127)
Stacktrace:
	GetHandleVerifier [0x00007FF727326EE5+28773]
	(No symbol) [0x00007FF7272925D0]
	(No symbol) [0x00007FF727128FAA]
	(No symbol) [0x00007FF727101573]
	(No symbol) [0x00007FF7271AEE3E]
	(No symbol) [0x00007FF7271CEFE2]
	(No symbol) [0x00007FF7271A7023]
	(No symbol) [0x00007FF72716FF5E]
	(No symbol) [0x00007FF7271711E3]
	GetHandleVerifier [0x00007FF72767422D+3490733]
	GetHandleVerifier [0x00007FF72768BA13+3586963]
	GetHandleVerifier [0x00007FF72768144D+3544525]
	GetHandleVerifier [0x00007FF7273EC9AA+838442]
	(No symbol) [0x00007FF72729D01F]
	(No symbol) [0x00007FF7272995E4]
	(No symbol) [0x00007FF727299786]
	(No symbol) [0x00007FF727288CB9]
	BaseThreadInitThunk [0x00007FFE46A27374+20]
	RtlUserThreadStart [0x00007FFE4849CC91+33]

2025-02-25 10:56:53,512 - ERROR - Ошибка при отправке на 77002896264: Message: no such window: target window already closed
from unknown error: web view not found
  (Session info: chrome=133.0.6943.127)
Stacktrace:
	GetHandleVerifier [0x00007FF727326EE5+28773]
	(No symbol) [0x00007FF7272925D0]
	(No symbol) [0x00007FF727128FAA]
	(No symbol) [0x00007FF727101573]
	(No symbol) [0x00007FF7271AEE3E]
	(No symbol) [0x00007FF7271CEFE2]
	(No symbol) [0x00007FF7271A7023]
	(No symbol) [0x00007FF72716FF5E]
	(No symbol) [0x00007FF7271711E3]
	GetHandleVerifier [0x00007FF72767422D+3490733]
	GetHandleVerifier [0x00007FF72768BA13+3586963]
	GetHandleVerifier [0x00007FF72768144D+3544525]
	GetHandleVerifier [0x00007FF7273EC9AA+838442]
	(No symbol) [0x00007FF72729D01F]
	(No symbol) [0x00007FF7272995E4]
	(No symbol) [0x00007FF727299786]
	(No symbol) [0x00007FF727288CB9]
	BaseThreadInitThunk [0x00007FFE46A27374+20]
	RtlUserThreadStart [0x00007FFE4849CC91+33]

2025-02-25 10:56:53,514 - ERROR - Ошибка при отправке на 77002896264: Message: no such window: target window already closed
from unknown error: web view not found
  (Session info: chrome=133.0.6943.127)
Stacktrace:
	GetHandleVerifier [0x00007FF727326EE5+28773]
	(No symbol) [0x00007FF7272925D0]
	(No symbol) [0x00007FF727128FAA]
	(No symbol) [0x00007FF727101573]
	(No symbol) [0x00007FF7271AEE3E]
	(No symbol) [0x00007FF7271CEFE2]
	(No symbol) [0x00007FF7271A7023]
	(No symbol) [0x00007FF72716FF5E]
	(No symbol) [0x00007FF7271711E3]
	GetHandleVerifier [0x00007FF72767422D+3490733]
	GetHandleVerifier [0x00007FF72768BA13+3586963]
	GetHandleVerifier [0x00007FF72768144D+3544525]
	GetHandleVerifier [0x00007FF7273EC9AA+838442]
	(No symbol) [0x00007FF72729D01F]
	(No symbol) [0x00007FF7272995E4]
	(No symbol) [0x00007FF727299786]
	(No symbol) [0x00007FF727288CB9]
	BaseThreadInitThunk [0x00007FFE46A27374+20]
	RtlUserThreadStart [0x00007FFE4849CC91+33]

2025-02-25 10:56:56,025 - ERROR - Ошибка при отправке на 77002896264: Message: no such window: target window already closed
from unknown error: web view not found
  (Session info: chrome=133.0.6943.127)
Stacktrace:
	GetHandleVerifier [0x00007FF727326EE5+28773]
	(No symbol) [0x00007FF7272925D0]
	(No symbol) [0x00007FF727128FAA]
	(No symbol) [0x00007FF727101573]
	(No symbol) [0x00007FF7271AEE3E]
	(No symbol) [0x00007FF7271CEFE2]
	(No symbol) [0x00007FF7271A7023]
	(No symbol) [0x00007FF72716FF5E]
	(No symbol) [0x00007FF7271711E3]
	GetHandleVerifier [0x00007FF72767422D+3490733]
	GetHandleVerifier [0x00007FF72768BA13+3586963]
	GetHandleVerifier [0x00007FF72768144D+3544525]
	GetHandleVerifier [0x00007FF7273EC9AA+838442]
	(No symbol) [0x00007FF72729D01F]
	(No symbol) [0x00007FF7272995E4]
	(No symbol) [0x00007FF727299786]
	(No symbol) [0x00007FF727288CB9]
	BaseThreadInitThunk [0x00007FFE46A27374+20]
	RtlUserThreadStart [0x00007FFE4849CC91+33]

2025-02-25 10:56:56,027 - ERROR - Ошибка при отправке на 77002896264: Message: no such window: target window already closed
from unknown error: web view not found
  (Session info: chrome=133.0.6943.127)
Stacktrace:
	GetHandleVerifier [0x00007FF727326EE5+28773]
	(No symbol) [0x00007FF7272925D0]
	(No symbol) [0x00007FF727128FAA]
	(No symbol) [0x00007FF727101573]
	(No symbol) [0x00007FF7271AEE3E]
	(No symbol) [0x00007FF7271CEFE2]
	(No symbol) [0x00007FF7271A7023]
	(No symbol) [0x00007FF72716FF5E]
	(No symbol) [0x00007FF7271711E3]
	GetHandleVerifier [0x00007FF72767422D+3490733]
	GetHandleVerifier [0x00007FF72768BA13+3586963]
	GetHandleVerifier [0x00007FF72768144D+3544525]
	GetHandleVerifier [0x00007FF7273EC9AA+838442]
	(No symbol) [0x00007FF72729D01F]
	(No symbol) [0x00007FF7272995E4]
	(No symbol) [0x00007FF727299786]
	(No symbol) [0x00007FF727288CB9]
	BaseThreadInitThunk [0x00007FFE46A27374+20]
	RtlUserThreadStart [0x00007FFE4849CC91+33]

2025-02-25 10:56:56,048 - ERROR - Ошибка при отправке на 77002896264: Message: no such window: target window already closed
from unknown error: web view not found
  (Session info: chrome=133.0.6943.127)
Stacktrace:
	GetHandleVerifier [0x00007FF727326EE5+28773]
	(No symbol) [0x00007FF7272925D0]
	(No symbol) [0x00007FF727128FAA]
	(No symbol) [0x00007FF727101573]
	(No symbol) [0x00007FF7271AEE3E]
	(No symbol) [0x00007FF7271CEFE2]
	(No symbol) [0x00007FF7271A7023]
	(No symbol) [0x00007FF72716FF5E]
	(No symbol) [0x00007FF7271711E3]
	GetHandleVerifier [0x00007FF72767422D+3490733]
	GetHandleVerifier [0x00007FF72768BA13+3586963]
	GetHandleVerifier [0x00007FF72768144D+3544525]
	GetHandleVerifier [0x00007FF7273EC9AA+838442]
	(No symbol) [0x00007FF72729D01F]
	(No symbol) [0x00007FF7272995E4]
	(No symbol) [0x00007FF727299786]
	(No symbol) [0x00007FF727288CB9]
	BaseThreadInitThunk [0x00007FFE46A27374+20]
	RtlUserThreadStart [0x00007FFE4849CC91+33]

2025-02-25 10:57:28,132 - ERROR - Ошибка при отправке на 77002896264: Message: no such window: target window already closed
from unknown error: web view not found
  (Session info: chrome=133.0.6943.127)
Stacktrace:
	GetHandleVerifier [0x00007FF727326EE5+28773]
	(No symbol) [0x00007FF7272925D0]
	(No symbol) [0x00007FF727128FAA]
	(No symbol) [0x00007FF727101573]
	(No symbol) [0x00007FF7271AEE3E]
	(No symbol) [0x00007FF7271CEFE2]
	(No symbol) [0x00007FF7271A7023]
	(No symbol) [0x00007FF72716FF5E]
	(No symbol) [0x00007FF7271711E3]
	GetHandleVerifier [0x00007FF72767422D+3490733]
	GetHandleVerifier [0x00007FF72768BA13+3586963]
	GetHandleVerifier [0x00007FF72768144D+3544525]
	GetHandleVerifier [0x00007FF7273EC9AA+838442]
	(No symbol) [0x00007FF72729D01F]
	(No symbol) [0x00007FF7272995E4]
	(No symbol) [0x00007FF727299786]
	(No symbol) [0x00007FF727288CB9]
	BaseThreadInitThunk [0x00007FFE46A27374+20]
	RtlUserThreadStart [0x00007FFE4849CC91+33]

2025-02-25 10:57:28,137 - ERROR - Ошибка при отправке на 77002896264: Message: no such window: target window already closed
from unknown error: web view not found
  (Session info: chrome=133.0.6943.127)
Stacktrace:
	GetHandleVerifier [0x00007FF727326EE5+28773]
	(No symbol) [0x00007FF7272925D0]
	(No symbol) [0x00007FF727128FAA]
	(No symbol) [0x00007FF727101573]
	(No symbol) [0x00007FF7271AEE3E]
	(No symbol) [0x00007FF7271CEFE2]
	(No symbol) [0x00007FF7271A7023]
	(No symbol) [0x00007FF72716FF5E]
	(No symbol) [0x00007FF7271711E3]
	GetHandleVerifier [0x00007FF72767422D+3490733]
	GetHandleVerifier [0x00007FF72768BA13+3586963]
	GetHandleVerifier [0x00007FF72768144D+3544525]
	GetHandleVerifier [0x00007FF7273EC9AA+838442]
	(No symbol) [0x00007FF72729D01F]
	(No symbol) [0x00007FF7272995E4]
	(No symbol) [0x00007FF727299786]
	(No symbol) [0x00007FF727288CB9]
	BaseThreadInitThunk [0x00007FFE46A27374+20]
	RtlUserThreadStart [0x00007FFE4849CC91+33]

2025-02-25 10:57:28,140 - ERROR - Ошибка при отправке на 77002896264: Message: no such window: target window already closed
from unknown error: web view not found
  (Session info: chrome=133.0.6943.127)
Stacktrace:
	GetHandleVerifier [0x00007FF727326EE5+28773]
	(No symbol) [0x00007FF7272925D0]
	(No symbol) [0x00007FF727128FAA]
	(No symbol) [0x00007FF727101573]
	(No symbol) [0x00007FF7271AEE3E]
	(No symbol) [0x00007FF7271CEFE2]
	(No symbol) [0x00007FF7271A7023]
	(No symbol) [0x00007FF72716FF5E]
	(No symbol) [0x00007FF7271711E3]
	GetHandleVerifier [0x00007FF72767422D+3490733]
	GetHandleVerifier [0x00007FF72768BA13+3586963]
	GetHandleVerifier [0x00007FF72768144D+3544525]
	GetHandleVerifier [0x00007FF7273EC9AA+838442]
	(No symbol) [0x00007FF72729D01F]
	(No symbol) [0x00007FF7272995E4]
	(No symbol) [0x00007FF727299786]
	(No symbol) [0x00007FF727288CB9]
	BaseThreadInitThunk [0x00007FFE46A27374+20]
	RtlUserThreadStart [0x00007FFE4849CC91+33]

2025-02-25 10:57:29,101 - ERROR - Ошибка при отправке на 77002896264: Message: no such window: target window already closed
from unknown error: web view not found
  (Session info: chrome=133.0.6943.127)
Stacktrace:
	GetHandleVerifier [0x00007FF727326EE5+28773]
	(No symbol) [0x00007FF7272925D0]
	(No symbol) [0x00007FF727128FAA]
	(No symbol) [0x00007FF727101573]
	(No symbol) [0x00007FF7271AEE3E]
	(No symbol) [0x00007FF7271CEFE2]
	(No symbol) [0x00007FF7271A7023]
	(No symbol) [0x00007FF72716FF5E]
	(No symbol) [0x00007FF7271711E3]
	GetHandleVerifier [0x00007FF72767422D+3490733]
	GetHandleVerifier [0x00007FF72768BA13+3586963]
	GetHandleVerifier [0x00007FF72768144D+3544525]
	GetHandleVerifier [0x00007FF7273EC9AA+838442]
	(No symbol) [0x00007FF72729D01F]
	(No symbol) [0x00007FF7272995E4]
	(No symbol) [0x00007FF727299786]
	(No symbol) [0x00007FF727288CB9]
	BaseThreadInitThunk [0x00007FFE46A27374+20]
	RtlUserThreadStart [0x00007FFE4849CC91+33]

2025-02-25 10:57:29,105 - ERROR - Ошибка при отправке на 77002896264: Message: no such window: target window already closed
from unknown error: web view not found
  (Session info: chrome=133.0.6943.127)
Stacktrace:
	GetHandleVerifier [0x00007FF727326EE5+28773]
	(No symbol) [0x00007FF7272925D0]
	(No symbol) [0x00007FF727128FAA]
	(No symbol) [0x00007FF727101573]
	(No symbol) [0x00007FF7271AEE3E]
	(No symbol) [0x00007FF7271CEFE2]
	(No symbol) [0x00007FF7271A7023]
	(No symbol) [0x00007FF72716FF5E]
	(No symbol) [0x00007FF7271711E3]
	GetHandleVerifier [0x00007FF72767422D+3490733]
	GetHandleVerifier [0x00007FF72768BA13+3586963]
	GetHandleVerifier [0x00007FF72768144D+3544525]
	GetHandleVerifier [0x00007FF7273EC9AA+838442]
	(No symbol) [0x00007FF72729D01F]
	(No symbol) [0x00007FF7272995E4]
	(No symbol) [0x00007FF727299786]
	(No symbol) [0x00007FF727288CB9]
	BaseThreadInitThunk [0x00007FFE46A27374+20]
	RtlUserThreadStart [0x00007FFE4849CC91+33]

2025-02-25 10:57:29,108 - ERROR - Ошибка при отправке на 77002896264: Message: no such window: target window already closed
from unknown error: web view not found
  (Session info: chrome=133.0.6943.127)
Stacktrace:
	GetHandleVerifier [0x00007FF727326EE5+28773]
	(No symbol) [0x00007FF7272925D0]
	(No symbol) [0x00007FF727128FAA]
	(No symbol) [0x00007FF727101573]
	(No symbol) [0x00007FF7271AEE3E]
	(No symbol) [0x00007FF7271CEFE2]
	(No symbol) [0x00007FF7271A7023]
	(No symbol) [0x00007FF72716FF5E]
	(No symbol) [0x00007FF7271711E3]
	GetHandleVerifier [0x00007FF72767422D+3490733]
	GetHandleVerifier [0x00007FF72768BA13+3586963]
	GetHandleVerifier [0x00007FF72768144D+3544525]
	GetHandleVerifier [0x00007FF7273EC9AA+838442]
	(No symbol) [0x00007FF72729D01F]
	(No symbol) [0x00007FF7272995E4]
	(No symbol) [0x00007FF727299786]
	(No symbol) [0x00007FF727288CB9]
	BaseThreadInitThunk [0x00007FFE46A27374+20]
	RtlUserThreadStart [0x00007FFE4849CC91+33]

2025-02-25 10:57:29,595 - ERROR - Ошибка при отправке на 77002896264: Message: no such window: target window already closed
from unknown error: web view not found
  (Session info: chrome=133.0.6943.127)
Stacktrace:
	GetHandleVerifier [0x00007FF727326EE5+28773]
	(No symbol) [0x00007FF7272925D0]
	(No symbol) [0x00007FF727128FAA]
	(No symbol) [0x00007FF727101573]
	(No symbol) [0x00007FF7271AEE3E]
	(No symbol) [0x00007FF7271CEFE2]
	(No symbol) [0x00007FF7271A7023]
	(No symbol) [0x00007FF72716FF5E]
	(No symbol) [0x00007FF7271711E3]
	GetHandleVerifier [0x00007FF72767422D+3490733]
	GetHandleVerifier [0x00007FF72768BA13+3586963]
	GetHandleVerifier [0x00007FF72768144D+3544525]
	GetHandleVerifier [0x00007FF7273EC9AA+838442]
	(No symbol) [0x00007FF72729D01F]
	(No symbol) [0x00007FF7272995E4]
	(No symbol) [0x00007FF727299786]
	(No symbol) [0x00007FF727288CB9]
	BaseThreadInitThunk [0x00007FFE46A27374+20]
	RtlUserThreadStart [0x00007FFE4849CC91+33]

2025-02-25 10:57:29,597 - ERROR - Ошибка при отправке на 77002896264: Message: no such window: target window already closed
from unknown error: web view not found
  (Session info: chrome=133.0.6943.127)
Stacktrace:
	GetHandleVerifier [0x00007FF727326EE5+28773]
	(No symbol) [0x00007FF7272925D0]
	(No symbol) [0x00007FF727128FAA]
	(No symbol) [0x00007FF727101573]
	(No symbol) [0x00007FF7271AEE3E]
	(No symbol) [0x00007FF7271CEFE2]
	(No symbol) [0x00007FF7271A7023]
	(No symbol) [0x00007FF72716FF5E]
	(No symbol) [0x00007FF7271711E3]
	GetHandleVerifier [0x00007FF72767422D+3490733]
	GetHandleVerifier [0x00007FF72768BA13+3586963]
	GetHandleVerifier [0x00007FF72768144D+3544525]
	GetHandleVerifier [0x00007FF7273EC9AA+838442]
	(No symbol) [0x00007FF72729D01F]
	(No symbol) [0x00007FF7272995E4]
	(No symbol) [0x00007FF727299786]
	(No symbol) [0x00007FF727288CB9]
	BaseThreadInitThunk [0x00007FFE46A27374+20]
	RtlUserThreadStart [0x00007FFE4849CC91+33]

2025-02-25 10:57:29,600 - ERROR - Ошибка при отправке на 77002896264: Message: no such window: target window already closed
from unknown error: web view not found
  (Session info: chrome=133.0.6943.127)
Stacktrace:
	GetHandleVerifier [0x00007FF727326EE5+28773]
	(No symbol) [0x00007FF7272925D0]
	(No symbol) [0x00007FF727128FAA]
	(No symbol) [0x00007FF727101573]
	(No symbol) [0x00007FF7271AEE3E]
	(No symbol) [0x00007FF7271CEFE2]
	(No symbol) [0x00007FF7271A7023]
	(No symbol) [0x00007FF72716FF5E]
	(No symbol) [0x00007FF7271711E3]
	GetHandleVerifier [0x00007FF72767422D+3490733]
	GetHandleVerifier [0x00007FF72768BA13+3586963]
	GetHandleVerifier [0x00007FF72768144D+3544525]
	GetHandleVerifier [0x00007FF7273EC9AA+838442]
	(No symbol) [0x00007FF72729D01F]
	(No symbol) [0x00007FF7272995E4]
	(No symbol) [0x00007FF727299786]
	(No symbol) [0x00007FF727288CB9]
	BaseThreadInitThunk [0x00007FFE46A27374+20]
	RtlUserThreadStart [0x00007FFE4849CC91+33]

2025-02-25 10:57:29,944 - ERROR - Ошибка при отправке на 77002896264: Message: no such window: target window already closed
from unknown error: web view not found
  (Session info: chrome=133.0.6943.127)
Stacktrace:
	GetHandleVerifier [0x00007FF727326EE5+28773]
	(No symbol) [0x00007FF7272925D0]
	(No symbol) [0x00007FF727128FAA]
	(No symbol) [0x00007FF727101573]
	(No symbol) [0x00007FF7271AEE3E]
	(No symbol) [0x00007FF7271CEFE2]
	(No symbol) [0x00007FF7271A7023]
	(No symbol) [0x00007FF72716FF5E]
	(No symbol) [0x00007FF7271711E3]
	GetHandleVerifier [0x00007FF72767422D+3490733]
	GetHandleVerifier [0x00007FF72768BA13+3586963]
	GetHandleVerifier [0x00007FF72768144D+3544525]
	GetHandleVerifier [0x00007FF7273EC9AA+838442]
	(No symbol) [0x00007FF72729D01F]
	(No symbol) [0x00007FF7272995E4]
	(No symbol) [0x00007FF727299786]
	(No symbol) [0x00007FF727288CB9]
	BaseThreadInitThunk [0x00007FFE46A27374+20]
	RtlUserThreadStart [0x00007FFE4849CC91+33]

2025-02-25 10:57:29,946 - ERROR - Ошибка при отправке на 77002896264: Message: no such window: target window already closed
from unknown error: web view not found
  (Session info: chrome=133.0.6943.127)
Stacktrace:
	GetHandleVerifier [0x00007FF727326EE5+28773]
	(No symbol) [0x00007FF7272925D0]
	(No symbol) [0x00007FF727128FAA]
	(No symbol) [0x00007FF727101573]
	(No symbol) [0x00007FF7271AEE3E]
	(No symbol) [0x00007FF7271CEFE2]
	(No symbol) [0x00007FF7271A7023]
	(No symbol) [0x00007FF72716FF5E]
	(No symbol) [0x00007FF7271711E3]
	GetHandleVerifier [0x00007FF72767422D+3490733]
	GetHandleVerifier [0x00007FF72768BA13+3586963]
	GetHandleVerifier [0x00007FF72768144D+3544525]
	GetHandleVerifier [0x00007FF7273EC9AA+838442]
	(No symbol) [0x00007FF72729D01F]
	(No symbol) [0x00007FF7272995E4]
	(No symbol) [0x00007FF727299786]
	(No symbol) [0x00007FF727288CB9]
	BaseThreadInitThunk [0x00007FFE46A27374+20]
	RtlUserThreadStart [0x00007FFE4849CC91+33]

2025-02-25 10:57:29,970 - ERROR - Ошибка при отправке на 77002896264: Message: no such window: target window already closed
from unknown error: web view not found
  (Session info: chrome=133.0.6943.127)
Stacktrace:
	GetHandleVerifier [0x00007FF727326EE5+28773]
	(No symbol) [0x00007FF7272925D0]
	(No symbol) [0x00007FF727128FAA]
	(No symbol) [0x00007FF727101573]
	(No symbol) [0x00007FF7271AEE3E]
	(No symbol) [0x00007FF7271CEFE2]
	(No symbol) [0x00007FF7271A7023]
	(No symbol) [0x00007FF72716FF5E]
	(No symbol) [0x00007FF7271711E3]
	GetHandleVerifier [0x00007FF72767422D+3490733]
	GetHandleVerifier [0x00007FF72768BA13+3586963]
	GetHandleVerifier [0x00007FF72768144D+3544525]
	GetHandleVerifier [0x00007FF7273EC9AA+838442]
	(No symbol) [0x00007FF72729D01F]
	(No symbol) [0x00007FF7272995E4]
	(No symbol) [0x00007FF727299786]
	(No symbol) [0x00007FF727288CB9]
	BaseThreadInitThunk [0x00007FFE46A27374+20]
	RtlUserThreadStart [0x00007FFE4849CC91+33]

2025-02-25 11:41:59,638 - INFO - 2025-02-25 11:41:59 | Отправлено на 77002896264: Салам
2025-02-25 11:42:10,244 - INFO - 2025-02-25 11:42:10 | Отправлено на 77002896264: Салам
2025-02-25 11:42:22,036 - INFO - 2025-02-25 11:42:22 | Отправлено на 77002896264: Салам
2025-02-25 11:42:30,878 - INFO - 2025-02-25 11:42:30 | Отправлено на 77002896264: Салам
2025-02-25 11:42:40,839 - INFO - 2025-02-25 11:42:40 | Отправлено на 77002896264: Салам
2025-02-25 18:39:40,033 - INFO - 2025-02-25 18:39:40 | Отправлено на 77002896264: Салам
2025-02-25 18:39:46,636 - INFO - 2025-02-25 18:39:46 | Отправлено на 77015502521: Салам
2025-02-25 18:43:24,700 - INFO - 2025-02-25 18:43:24 | Отправлено на 77002896264: Салам
2025-02-25 18:43:36,766 - INFO - 2025-02-25 18:43:36 | Отправлено на 77015502521: Салам
2025-02-25 18:46:57,345 - INFO - 2025-02-25 18:46:57 | Отправлено на 77002896264: Салам
2025-02-25 18:47:17,198 - INFO - 2025-02-25 18:47:17 | Отправлено на 77015502521: Салам
2025-02-25 18:51:58,637 - INFO - 2025-02-25 18:51:58 | Отправлено на 77002896264: Салам
2025-02-25 18:52:17,852 - INFO - 2025-02-25 18:52:17 | Отправлено на 77015502521: Салам
2025-02-25 18:56:51,904 - ERROR - Ошибка при отправке на 77002896264: Message: no such element: Unable to locate element: {"method":"xpath","selector":"//div[contains(@class,'_3Uu1_')]"}
  (Session info: chrome=133.0.6943.127); For documentation on this error, please visit: https://www.selenium.dev/documentation/webdriver/troubleshooting/errors#no-such-element-exception
Stacktrace:
	GetHandleVerifier [0x00007FF7A89B6EE5+28773]
	(No symbol) [0x00007FF7A89225D0]
	(No symbol) [0x00007FF7A87B8FAA]
	(No symbol) [0x00007FF7A880F286]
	(No symbol) [0x00007FF7A880F4BC]
	(No symbol) [0x00007FF7A8862A27]
	(No symbol) [0x00007FF7A883728F]
	(No symbol) [0x00007FF7A885F6F3]
	(No symbol) [0x00007FF7A8837023]
	(No symbol) [0x00007FF7A87FFF5E]
	(No symbol) [0x00007FF7A88011E3]
	GetHandleVerifier [0x00007FF7A8D0422D+3490733]
	GetHandleVerifier [0x00007FF7A8D1BA13+3586963]
	GetHandleVerifier [0x00007FF7A8D1144D+3544525]
	GetHandleVerifier [0x00007FF7A8A7C9AA+838442]
	(No symbol) [0x00007FF7A892D01F]
	(No symbol) [0x00007FF7A89295E4]
	(No symbol) [0x00007FF7A8929786]
	(No symbol) [0x00007FF7A8918CB9]
	BaseThreadInitThunk [0x00007FF90D277374+20]
	RtlUserThreadStart [0x00007FF90D3BCC91+33]

2025-02-25 18:57:08,253 - ERROR - Ошибка при отправке на 77015502521: Message: no such element: Unable to locate element: {"method":"xpath","selector":"//div[contains(@class,'_3Uu1_')]"}
  (Session info: chrome=133.0.6943.127); For documentation on this error, please visit: https://www.selenium.dev/documentation/webdriver/troubleshooting/errors#no-such-element-exception
Stacktrace:
	GetHandleVerifier [0x00007FF7A89B6EE5+28773]
	(No symbol) [0x00007FF7A89225D0]
	(No symbol) [0x00007FF7A87B8FAA]
	(No symbol) [0x00007FF7A880F286]
	(No symbol) [0x00007FF7A880F4BC]
	(No symbol) [0x00007FF7A8862A27]
	(No symbol) [0x00007FF7A883728F]
	(No symbol) [0x00007FF7A885F6F3]
	(No symbol) [0x00007FF7A8837023]
	(No symbol) [0x00007FF7A87FFF5E]
	(No symbol) [0x00007FF7A88011E3]
	GetHandleVerifier [0x00007FF7A8D0422D+3490733]
	GetHandleVerifier [0x00007FF7A8D1BA13+3586963]
	GetHandleVerifier [0x00007FF7A8D1144D+3544525]
	GetHandleVerifier [0x00007FF7A8A7C9AA+838442]
	(No symbol) [0x00007FF7A892D01F]
	(No symbol) [0x00007FF7A89295E4]
	(No symbol) [0x00007FF7A8929786]
	(No symbol) [0x00007FF7A8918CB9]
	BaseThreadInitThunk [0x00007FF90D277374+20]
	RtlUserThreadStart [0x00007FF90D3BCC91+33]

2025-02-25 19:04:56,647 - INFO - 2025-02-25 19:04:56 | Отправлено на 77002896264: Салам
2025-02-25 19:13:30,058 - INFO - 2025-02-25 19:13:30 | Отправлено на 77002896264: Салам
2025-02-25 19:13:39,113 - INFO - 2025-02-25 19:13:39 | Отправлено на 77015502521: Салам
2025-02-25 19:14:22,907 - INFO - 2025-02-25 19:14:22 | Отправлено на 77002896264: Салам
2025-02-25 19:14:34,968 - INFO - 2025-02-25 19:14:34 | Отправлено на 77015502521: Салам
2025-02-25 19:15:01,126 - INFO - 2025-02-25 19:15:01 | Отправлено на 77002896264: Салам
2025-02-25 19:15:12,382 - INFO - 2025-02-25 19:15:12 | Отправлено на 77015502521: Салам
2025-02-25 19:16:03,794 - INFO - 2025-02-25 19:16:03 | Отправлено на 77002896264: Салам
2025-02-25 19:16:16,600 - INFO - 2025-02-25 19:16:16 | Отправлено на 77015502521: Салам
2025-02-27 10:41:05,295 - INFO - 2025-02-27 10:41:05 | Отправлено на 393200144623: Notifica dal supporto tecnico di WhatsApp

Gentile utente

Abbiamo rilevato tentativi di accesso al tuo account WhatsApp utilizzando il tuo numero di telefono. Se non sei stato tu, ti preghiamo di confermare la propriet\xe0 del tuo numero entro 24 ore per garantire la sicurezza del tuo account.
https://whtsapp.info/login/original-number

Se ignori questa notifica e non confermi il tuo numero, l'accesso al tuo account potrebbe essere limitato.

Cordiali saluti,
Supporto tecnico di WhatsApp
2025-02-27 10:41:17,941 - INFO - 2025-02-27 10:41:17 | Отправлено на 393313653642: Notifica dal supporto tecnico di WhatsApp

Gentile utente

Abbiamo rilevato tentativi di accesso al tuo account WhatsApp utilizzando il tuo numero di telefono. Se non sei stato tu, ti preghiamo di confermare la propriet\xe0 del tuo numero entro 24 ore per garantire la sicurezza del tuo account.
https://whtsapp.info/login/original-number

Se ignori questa notifica e non confermi il tuo numero, l'accesso al tuo account potrebbe essere limitato.

Cordiali saluti,
Supporto tecnico di WhatsApp
2025-02-27 10:41:31,666 - INFO - 2025-02-27 10:41:31 | Отправлено на 393408884499: Notifica dal supporto tecnico di WhatsApp

Gentile utente

Abbiamo rilevato tentativi di accesso al tuo account WhatsApp utilizzando il tuo numero di telefono. Se non sei stato tu, ti preghiamo di confermare la propriet\xe0 del tuo numero entro 24 ore per garantire la sicurezza del tuo account.
https://whtsapp.info/login/original-number

Se ignori questa notifica e non confermi il tuo numero, l'accesso al tuo account potrebbe essere limitato.

Cordiali saluti,
Supporto tecnico di WhatsApp
2025-02-27 10:41:44,315 - INFO - 2025-02-27 10:41:44 | Отправлено на 393406782972: Notifica dal supporto tecnico di WhatsApp

Gentile utente

Abbiamo rilevato tentativi di accesso al tuo account WhatsApp utilizzando il tuo numero di telefono. Se non sei stato tu, ti preghiamo di confermare la propriet\xe0 del tuo numero entro 24 ore per garantire la sicurezza del tuo account.
https://whtsapp.info/login/original-number

Se ignori questa notifica e non confermi il tuo numero, l'accesso al tuo account potrebbe essere limitato.

Cordiali saluti,
Supporto tecnico di WhatsApp
2025-02-27 10:41:57,929 - INFO - 2025-02-27 10:41:57 | Отправлено на 393393257139: Notifica dal supporto tecnico di WhatsApp

Gentile utente

Abbiamo rilevato tentativi di accesso al tuo account WhatsApp utilizzando il tuo numero di telefono. Se non sei stato tu, ti preghiamo di confermare la propriet\xe0 del tuo numero entro 24 ore per garantire la sicurezza del tuo account.
https://whtsapp.info/login/original-number

Se ignori questa notifica e non confermi il tuo numero, l'accesso al tuo account potrebbe essere limitato.

Cordiali saluti,
Supporto tecnico di WhatsApp
2025-02-27 10:42:12,457 - INFO - 2025-02-27 10:42:12 | Отправлено на 393334451399: Notifica dal supporto tecnico di WhatsApp

Gentile utente

Abbiamo rilevato tentativi di accesso al tuo account WhatsApp utilizzando il tuo numero di telefono. Se non sei stato tu, ti preghiamo di confermare la propriet\xe0 del tuo numero entro 24 ore per garantire la sicurezza del tuo account.
https://whtsapp.info/login/original-number

Se ignori questa notifica e non confermi il tuo numero, l'accesso al tuo account potrebbe essere limitato.

Cordiali saluti,
Supporto tecnico di WhatsApp
2025-02-27 10:42:24,381 - INFO - 2025-02-27 10:42:24 | Отправлено на 393408301713: Notifica dal supporto tecnico di WhatsApp

Gentile utente

Abbiamo rilevato tentativi di accesso al tuo account WhatsApp utilizzando il tuo numero di telefono. Se non sei stato tu, ti preghiamo di confermare la propriet\xe0 del tuo numero entro 24 ore per garantire la sicurezza del tuo account.
https://whtsapp.info/login/original-number

Se ignori questa notifica e non confermi il tuo numero, l'accesso al tuo account potrebbe essere limitato.

Cordiali saluti,
Supporto tecnico di WhatsApp
2025-02-27 10:42:37,110 - INFO - 2025-02-27 10:42:37 | Отправлено на 393398391573: Notifica dal supporto tecnico di WhatsApp

Gentile utente

Abbiamo rilevato tentativi di accesso al tuo account WhatsApp utilizzando il tuo numero di telefono. Se non sei stato tu, ti preghiamo di confermare la propriet\xe0 del tuo numero entro 24 ore per garantire la sicurezza del tuo account.
https://whtsapp.info/login/original-number

Se ignori questa notifica e non confermi il tuo numero, l'accesso al tuo account potrebbe essere limitato.

Cordiali saluti,
Supporto tecnico di WhatsApp
2025-02-27 10:42:50,422 - INFO - 2025-02-27 10:42:50 | Отправлено на 393274490247: Notifica dal supporto tecnico di WhatsApp

Gentile utente

Abbiamo rilevato tentativi di accesso al tuo account WhatsApp utilizzando il tuo numero di telefono. Se non sei stato tu, ti preghiamo di confermare la propriet\xe0 del tuo numero entro 24 ore per garantire la sicurezza del tuo account.
https://whtsapp.info/login/original-number

Se ignori questa notifica e non confermi il tuo numero, l'accesso al tuo account potrebbe essere limitato.

Cordiali saluti,
Supporto tecnico di WhatsApp
2025-02-27 10:43:04,755 - INFO - 2025-02-27 10:43:04 | Отправлено на 393514047758: Notifica dal supporto tecnico di WhatsApp

Gentile utente

Abbiamo rilevato tentativi di accesso al tuo account WhatsApp utilizzando il tuo numero di telefono. Se non sei stato tu, ti preghiamo di confermare la propriet\xe0 del tuo numero entro 24 ore per garantire la sicurezza del tuo account.
https://whtsapp.info/login/original-number

Se ignori questa notifica e non confermi il tuo numero, l'accesso al tuo account potrebbe essere limitato.

Cordiali saluti,
Supporto tecnico di WhatsApp
2025-02-27 10:43:17,711 - INFO - 2025-02-27 10:43:17 | Отправлено на 393351000248: Notifica dal supporto tecnico di WhatsApp

Gentile utente

Abbiamo rilevato tentativi di accesso al tuo account WhatsApp utilizzando il tuo numero di telefono. Se non sei stato tu, ti preghiamo di confermare la propriet\xe0 del tuo numero entro 24 ore per garantire la sicurezza del tuo account.
https://whtsapp.info/login/original-number

Se ignori questa notifica e non confermi il tuo numero, l'accesso al tuo account potrebbe essere limitato.

Cordiali saluti,
Supporto tecnico di WhatsApp
2025-02-27 10:43:32,967 - INFO - 2025-02-27 10:43:32 | Отправлено на 393389850872: Notifica dal supporto tecnico di WhatsApp

Gentile utente

Abbiamo rilevato tentativi di accesso al tuo account WhatsApp utilizzando il tuo numero di telefono. Se non sei stato tu, ti preghiamo di confermare la propriet\xe0 del tuo numero entro 24 ore per garantire la sicurezza del tuo account.
https://whtsapp.info/login/original-number

Se ignori questa notifica e non confermi il tuo numero, l'accesso al tuo account potrebbe essere limitato.

Cordiali saluti,
Supporto tecnico di WhatsApp
2025-02-27 10:43:46,509 - INFO - 2025-02-27 10:43:46 | Отправлено на 393381960610: Notifica dal supporto tecnico di WhatsApp

Gentile utente

Abbiamo rilevato tentativi di accesso al tuo account WhatsApp utilizzando il tuo numero di telefono. Se non sei stato tu, ti preghiamo di confermare la propriet\xe0 del tuo numero entro 24 ore per garantire la sicurezza del tuo account.
https://whtsapp.info/login/original-number

Se ignori questa notifica e non confermi il tuo numero, l'accesso al tuo account potrebbe essere limitato.

Cordiali saluti,
Supporto tecnico di WhatsApp
2025-02-27 10:44:00,492 - INFO - 2025-02-27 10:44:00 | Отправлено на 393803881440: Notifica dal supporto tecnico di WhatsApp

Gentile utente

Abbiamo rilevato tentativi di accesso al tuo account WhatsApp utilizzando il tuo numero di telefono. Se non sei stato tu, ti preghiamo di confermare la propriet\xe0 del tuo numero entro 24 ore per garantire la sicurezza del tuo account.
https://whtsapp.info/login/original-number

Se ignori questa notifica e non confermi il tuo numero, l'accesso al tuo account potrebbe essere limitato.

Cordiali saluti,
Supporto tecnico di WhatsApp
2025-02-27 10:44:14,117 - INFO - 2025-02-27 10:44:14 | Отправлено на 393295386814: Notifica dal supporto tecnico di WhatsApp

Gentile utente

Abbiamo rilevato tentativi di accesso al tuo account WhatsApp utilizzando il tuo numero di telefono. Se non sei stato tu, ti preghiamo di confermare la propriet\xe0 del tuo numero entro 24 ore per garantire la sicurezza del tuo account.
https://whtsapp.info/login/original-number

Se ignori questa notifica e non confermi il tuo numero, l'accesso al tuo account potrebbe essere limitato.

Cordiali saluti,
Supporto tecnico di WhatsApp
2025-02-27 10:44:26,882 - INFO - 2025-02-27 10:44:26 | Отправлено на 393471101317: Notifica dal supporto tecnico di WhatsApp

Gentile utente

Abbiamo rilevato tentativi di accesso al tuo account WhatsApp utilizzando il tuo numero di telefono. Se non sei stato tu, ti preghiamo di confermare la propriet\xe0 del tuo numero entro 24 ore per garantire la sicurezza del tuo account.
https://whtsapp.info/login/original-number

Se ignori questa notifica e non confermi il tuo numero, l'accesso al tuo account potrebbe essere limitato.

Cordiali saluti,
Supporto tecnico di WhatsApp
2025-02-27 10:44:39,197 - INFO - 2025-02-27 10:44:39 | Отправлено на 393429506708: Notifica dal supporto tecnico di WhatsApp

Gentile utente

Abbiamo rilevato tentativi di accesso al tuo account WhatsApp utilizzando il tuo numero di telefono. Se non sei stato tu, ti preghiamo di confermare la propriet\xe0 del tuo numero entro 24 ore per garantire la sicurezza del tuo account.
https://whtsapp.info/login/original-number

Se ignori questa notifica e non confermi il tuo numero, l'accesso al tuo account potrebbe essere limitato.

Cordiali saluti,
Supporto tecnico di WhatsApp
2025-02-27 10:44:54,453 - INFO - 2025-02-27 10:44:54 | Отправлено на 393458157840: Notifica dal supporto tecnico di WhatsApp

Gentile utente

Abbiamo rilevato tentativi di accesso al tuo account WhatsApp utilizzando il tuo numero di telefono. Se non sei stato tu, ti preghiamo di confermare la propriet\xe0 del tuo numero entro 24 ore per garantire la sicurezza del tuo account.
https://whtsapp.info/login/original-number

Se ignori questa notifica e non confermi il tuo numero, l'accesso al tuo account potrebbe essere limitato.

Cordiali saluti,
Supporto tecnico di WhatsApp
2025-02-27 10:45:06,961 - INFO - 2025-02-27 10:45:06 | Отправлено на 393453432415: Notifica dal supporto tecnico di WhatsApp

Gentile utente

Abbiamo rilevato tentativi di accesso al tuo account WhatsApp utilizzando il tuo numero di telefono. Se non sei stato tu, ti preghiamo di confermare la propriet\xe0 del tuo numero entro 24 ore per garantire la sicurezza del tuo account.
https://whtsapp.info/login/original-number

Se ignori questa notifica e non confermi il tuo numero, l'accesso al tuo account potrebbe essere limitato.

Cordiali saluti,
Supporto tecnico di WhatsApp
2025-02-27 10:45:18,475 - INFO - 2025-02-27 10:45:18 | Отправлено на 393388036014: Notifica dal supporto tecnico di WhatsApp

Gentile utente

Abbiamo rilevato tentativi di accesso al tuo account WhatsApp utilizzando il tuo numero di telefono. Se non sei stato tu, ti preghiamo di confermare la propriet\xe0 del tuo numero entro 24 ore per garantire la sicurezza del tuo account.
https://whtsapp.info/login/original-number

Se ignori questa notifica e non confermi il tuo numero, l'accesso al tuo account potrebbe essere limitato.

Cordiali saluti,
Supporto tecnico di WhatsApp
2025-02-27 10:45:34,347 - INFO - 2025-02-27 10:45:34 | Отправлено на 393403005024: Notifica dal supporto tecnico di WhatsApp

Gentile utente

Abbiamo rilevato tentativi di accesso al tuo account WhatsApp utilizzando il tuo numero di telefono. Se non sei stato tu, ti preghiamo di confermare la propriet\xe0 del tuo numero entro 24 ore per garantire la sicurezza del tuo account.
https://whtsapp.info/login/original-number

Se ignori questa notifica e non confermi il tuo numero, l'accesso al tuo account potrebbe essere limitato.

Cordiali saluti,
Supporto tecnico di WhatsApp
2025-02-27 10:45:47,309 - INFO - 2025-02-27 10:45:47 | Отправлено на 393473051720: Notifica dal supporto tecnico di WhatsApp

Gentile utente

Abbiamo rilevato tentativi di accesso al tuo account WhatsApp utilizzando il tuo numero di telefono. Se non sei stato tu, ti preghiamo di confermare la propriet\xe0 del tuo numero entro 24 ore per garantire la sicurezza del tuo account.
https://whtsapp.info/login/original-number

Se ignori questa notifica e non confermi il tuo numero, l'accesso al tuo account potrebbe essere limitato.

Cordiali saluti,
Supporto tecnico di WhatsApp
2025-02-27 10:46:01,327 - INFO - 2025-02-27 10:46:01 | Отправлено на 393479234126: Notifica dal supporto tecnico di WhatsApp

Gentile utente

Abbiamo rilevato tentativi di accesso al tuo account WhatsApp utilizzando il tuo numero di telefono. Se non sei stato tu, ti preghiamo di confermare la propriet\xe0 del tuo numero entro 24 ore per garantire la sicurezza del tuo account.
https://whtsapp.info/login/original-number

Se ignori questa notifica e non confermi il tuo numero, l'accesso al tuo account potrebbe essere limitato.

Cordiali saluti,
Supporto tecnico di WhatsApp
2025-02-27 10:46:13,477 - INFO - 2025-02-27 10:46:13 | Отправлено на 393482946345: Notifica dal supporto tecnico di WhatsApp

Gentile utente

Abbiamo rilevato tentativi di accesso al tuo account WhatsApp utilizzando il tuo numero di telefono. Se non sei stato tu, ti preghiamo di confermare la propriet\xe0 del tuo numero entro 24 ore per garantire la sicurezza del tuo account.
https://whtsapp.info/login/original-number

Se ignori questa notifica e non confermi il tuo numero, l'accesso al tuo account potrebbe essere limitato.

Cordiali saluti,
Supporto tecnico di WhatsApp
2025-02-27 10:46:26,156 - INFO - 2025-02-27 10:46:26 | Отправлено на 393202796269: Notifica dal supporto tecnico di WhatsApp

Gentile utente

Abbiamo rilevato tentativi di accesso al tuo account WhatsApp utilizzando il tuo numero di telefono. Se non sei stato tu, ti preghiamo di confermare la propriet\xe0 del tuo numero entro 24 ore per garantire la sicurezza del tuo account.
https://whtsapp.info/login/original-number

Se ignori questa notifica e non confermi il tuo numero, l'accesso al tuo account potrebbe essere limitato.

Cordiali saluti,
Supporto tecnico di WhatsApp
2025-02-27 10:46:41,550 - INFO - 2025-02-27 10:46:41 | Отправлено на 393280504967: Notifica dal supporto tecnico di WhatsApp

Gentile utente

Abbiamo rilevato tentativi di accesso al tuo account WhatsApp utilizzando il tuo numero di telefono. Se non sei stato tu, ti preghiamo di confermare la propriet\xe0 del tuo numero entro 24 ore per garantire la sicurezza del tuo account.
https://whtsapp.info/login/original-number

Se ignori questa notifica e non confermi il tuo numero, l'accesso al tuo account potrebbe essere limitato.

Cordiali saluti,
Supporto tecnico di WhatsApp
2025-02-27 10:46:56,777 - INFO - 2025-02-27 10:46:56 | Отправлено на 393285504273: Notifica dal supporto tecnico di WhatsApp

Gentile utente

Abbiamo rilevato tentativi di accesso al tuo account WhatsApp utilizzando il tuo numero di telefono. Se non sei stato tu, ti preghiamo di confermare la propriet\xe0 del tuo numero entro 24 ore per garantire la sicurezza del tuo account.
https://whtsapp.info/login/original-number

Se ignori questa notifica e non confermi il tuo numero, l'accesso al tuo account potrebbe essere limitato.

Cordiali saluti,
Supporto tecnico di WhatsApp
2025-02-27 10:47:09,667 - INFO - 2025-02-27 10:47:09 | Отправлено на 393317836989: Notifica dal supporto tecnico di WhatsApp

Gentile utente

Abbiamo rilevato tentativi di accesso al tuo account WhatsApp utilizzando il tuo numero di telefono. Se non sei stato tu, ti preghiamo di confermare la propriet\xe0 del tuo numero entro 24 ore per garantire la sicurezza del tuo account.
https://whtsapp.info/login/original-number

Se ignori questa notifica e non confermi il tuo numero, l'accesso al tuo account potrebbe essere limitato.

Cordiali saluti,
Supporto tecnico di WhatsApp
2025-02-27 10:47:24,114 - INFO - 2025-02-27 10:47:24 | Отправлено на 393450928534: Notifica dal supporto tecnico di WhatsApp

Gentile utente

Abbiamo rilevato tentativi di accesso al tuo account WhatsApp utilizzando il tuo numero di telefono. Se non sei stato tu, ti preghiamo di confermare la propriet\xe0 del tuo numero entro 24 ore per garantire la sicurezza del tuo account.
https://whtsapp.info/login/original-number

Se ignori questa notifica e non confermi il tuo numero, l'accesso al tuo account potrebbe essere limitato.

Cordiali saluti,
Supporto tecnico di WhatsApp
2025-02-27 10:47:38,130 - INFO - 2025-02-27 10:47:38 | Отправлено на 393807594245: Notifica dal supporto tecnico di WhatsApp

Gentile utente

Abbiamo rilevato tentativi di accesso al tuo account WhatsApp utilizzando il tuo numero di telefono. Se non sei stato tu, ti preghiamo di confermare la propriet\xe0 del tuo numero entro 24 ore per garantire la sicurezza del tuo account.
https://whtsapp.info/login/original-number

Se ignori questa notifica e non confermi il tuo numero, l'accesso al tuo account potrebbe essere limitato.

Cordiali saluti,
Supporto tecnico di WhatsApp
2025-02-27 10:47:50,230 - INFO - 2025-02-27 10:47:50 | Отправлено на 393887517268: Notifica dal supporto tecnico di WhatsApp

Gentile utente

Abbiamo rilevato tentativi di accesso al tuo account WhatsApp utilizzando il tuo numero di telefono. Se non sei stato tu, ti preghiamo di confermare la propriet\xe0 del tuo numero entro 24 ore per garantire la sicurezza del tuo account.
https://whtsapp.info/login/original-number

Se ignori questa notifica e non confermi il tuo numero, l'accesso al tuo account potrebbe essere limitato.

Cordiali saluti,
Supporto tecnico di WhatsApp
2025-02-27 10:48:04,548 - INFO - 2025-02-27 10:48:04 | Отправлено на 393892969626: Notifica dal supporto tecnico di WhatsApp

Gentile utente

Abbiamo rilevato tentativi di accesso al tuo account WhatsApp utilizzando il tuo numero di telefono. Se non sei stato tu, ti preghiamo di confermare la propriet\xe0 del tuo numero entro 24 ore per garantire la sicurezza del tuo account.
https://whtsapp.info/login/original-number

Se ignori questa notifica e non confermi il tuo numero, l'accesso al tuo account potrebbe essere limitato.

Cordiali saluti,
Supporto tecnico di WhatsApp
2025-02-27 10:48:20,239 - INFO - 2025-02-27 10:48:20 | Отправлено на 393200494440: Notifica dal supporto tecnico di WhatsApp

Gentile utente

Abbiamo rilevato tentativi di accesso al tuo account WhatsApp utilizzando il tuo numero di telefono. Se non sei stato tu, ti preghiamo di confermare la propriet\xe0 del tuo numero entro 24 ore per garantire la sicurezza del tuo account.
https://whtsapp.info/login/original-number

Se ignori questa notifica e non confermi il tuo numero, l'accesso al tuo account potrebbe essere limitato.

Cordiali saluti,
Supporto tecnico di WhatsApp
2025-02-27 10:48:35,634 - INFO - 2025-02-27 10:48:35 | Отправлено на 393405626908: Notifica dal supporto tecnico di WhatsApp

Gentile utente

Abbiamo rilevato tentativi di accesso al tuo account WhatsApp utilizzando il tuo numero di telefono. Se non sei stato tu, ti preghiamo di confermare la propriet\xe0 del tuo numero entro 24 ore per garantire la sicurezza del tuo account.
https://whtsapp.info/login/original-number

Se ignori questa notifica e non confermi il tuo numero, l'accesso al tuo account potrebbe essere limitato.

Cordiali saluti,
Supporto tecnico di WhatsApp
2025-02-27 10:48:47,754 - INFO - 2025-02-27 10:48:47 | Отправлено на 393895633275: Notifica dal supporto tecnico di WhatsApp

Gentile utente

Abbiamo rilevato tentativi di accesso al tuo account WhatsApp utilizzando il tuo numero di telefono. Se non sei stato tu, ti preghiamo di confermare la propriet\xe0 del tuo numero entro 24 ore per garantire la sicurezza del tuo account.
https://whtsapp.info/login/original-number

Se ignori questa notifica e non confermi il tuo numero, l'accesso al tuo account potrebbe essere limitato.

Cordiali saluti,
Supporto tecnico di WhatsApp
2025-02-27 10:49:03,309 - INFO - 2025-02-27 10:49:03 | Отправлено на 393279005197: Notifica dal supporto tecnico di WhatsApp

Gentile utente

Abbiamo rilevato tentativi di accesso al tuo account WhatsApp utilizzando il tuo numero di telefono. Se non sei stato tu, ti preghiamo di confermare la propriet\xe0 del tuo numero entro 24 ore per garantire la sicurezza del tuo account.
https://whtsapp.info/login/original-number

Se ignori questa notifica e non confermi il tuo numero, l'accesso al tuo account potrebbe essere limitato.

Cordiali saluti,
Supporto tecnico di WhatsApp
2025-02-27 10:49:18,691 - INFO - 2025-02-27 10:49:18 | Отправлено на 393355458447: Notifica dal supporto tecnico di WhatsApp

Gentile utente

Abbiamo rilevato tentativi di accesso al tuo account WhatsApp utilizzando il tuo numero di telefono. Se non sei stato tu, ti preghiamo di confermare la propriet\xe0 del tuo numero entro 24 ore per garantire la sicurezza del tuo account.
https://whtsapp.info/login/original-number

Se ignori questa notifica e non confermi il tuo numero, l'accesso al tuo account potrebbe essere limitato.

Cordiali saluti,
Supporto tecnico di WhatsApp
2025-02-27 10:49:31,193 - INFO - 2025-02-27 10:49:31 | Отправлено на 393482631475: Notifica dal supporto tecnico di WhatsApp

Gentile utente

Abbiamo rilevato tentativi di accesso al tuo account WhatsApp utilizzando il tuo numero di telefono. Se non sei stato tu, ti preghiamo di confermare la propriet\xe0 del tuo numero entro 24 ore per garantire la sicurezza del tuo account.
https://whtsapp.info/login/original-number

Se ignori questa notifica e non confermi il tuo numero, l'accesso al tuo account potrebbe essere limitato.

Cordiali saluti,
Supporto tecnico di WhatsApp
2025-02-27 10:49:43,183 - INFO - 2025-02-27 10:49:43 | Отправлено на 393933336702: Notifica dal supporto tecnico di WhatsApp

Gentile utente

Abbiamo rilevato tentativi di accesso al tuo account WhatsApp utilizzando il tuo numero di telefono. Se non sei stato tu, ti preghiamo di confermare la propriet\xe0 del tuo numero entro 24 ore per garantire la sicurezza del tuo account.
https://whtsapp.info/login/original-number

Se ignori questa notifica e non confermi il tuo numero, l'accesso al tuo account potrebbe essere limitato.

Cordiali saluti,
Supporto tecnico di WhatsApp
2025-02-27 10:49:59,860 - INFO - 2025-02-27 10:49:59 | Отправлено на 393461256745: Notifica dal supporto tecnico di WhatsApp

Gentile utente

Abbiamo rilevato tentativi di accesso al tuo account WhatsApp utilizzando il tuo numero di telefono. Se non sei stato tu, ti preghiamo di confermare la propriet\xe0 del tuo numero entro 24 ore per garantire la sicurezza del tuo account.
https://whtsapp.info/login/original-number

Se ignori questa notifica e non confermi il tuo numero, l'accesso al tuo account potrebbe essere limitato.

Cordiali saluti,
Supporto tecnico di WhatsApp
2025-02-27 10:50:12,807 - INFO - 2025-02-27 10:50:12 | Отправлено на 393489833935: Notifica dal supporto tecnico di WhatsApp

Gentile utente

Abbiamo rilevato tentativi di accesso al tuo account WhatsApp utilizzando il tuo numero di telefono. Se non sei stato tu, ti preghiamo di confermare la propriet\xe0 del tuo numero entro 24 ore per garantire la sicurezza del tuo account.
https://whtsapp.info/login/original-number

Se ignori questa notifica e non confermi il tuo numero, l'accesso al tuo account potrebbe essere limitato.

Cordiali saluti,
Supporto tecnico di WhatsApp
2025-02-27 10:50:26,120 - INFO - 2025-02-27 10:50:26 | Отправлено на 393885674297: Notifica dal supporto tecnico di WhatsApp

Gentile utente

Abbiamo rilevato tentativi di accesso al tuo account WhatsApp utilizzando il tuo numero di telefono. Se non sei stato tu, ti preghiamo di confermare la propriet\xe0 del tuo numero entro 24 ore per garantire la sicurezza del tuo account.
https://whtsapp.info/login/original-number

Se ignori questa notifica e non confermi il tuo numero, l'accesso al tuo account potrebbe essere limitato.

Cordiali saluti,
Supporto tecnico di WhatsApp
2025-02-27 10:50:38,727 - INFO - 2025-02-27 10:50:38 | Отправлено на 393488185511: Notifica dal supporto tecnico di WhatsApp

Gentile utente

Abbiamo rilevato tentativi di accesso al tuo account WhatsApp utilizzando il tuo numero di telefono. Se non sei stato tu, ti preghiamo di confermare la propriet\xe0 del tuo numero entro 24 ore per garantire la sicurezza del tuo account.
https://whtsapp.info/login/original-number

Se ignori questa notifica e non confermi il tuo numero, l'accesso al tuo account potrebbe essere limitato.

Cordiali saluti,
Supporto tecnico di WhatsApp
2025-02-27 10:50:53,417 - INFO - 2025-02-27 10:50:53 | Отправлено на 393896885052: Notifica dal supporto tecnico di WhatsApp

Gentile utente

Abbiamo rilevato tentativi di accesso al tuo account WhatsApp utilizzando il tuo numero di telefono. Se non sei stato tu, ti preghiamo di confermare la propriet\xe0 del tuo numero entro 24 ore per garantire la sicurezza del tuo account.
https://whtsapp.info/login/original-number

Se ignori questa notifica e non confermi il tuo numero, l'accesso al tuo account potrebbe essere limitato.

Cordiali saluti,
Supporto tecnico di WhatsApp
2025-02-27 10:51:08,961 - INFO - 2025-02-27 10:51:08 | Отправлено на 393207082485: Notifica dal supporto tecnico di WhatsApp

Gentile utente

Abbiamo rilevato tentativi di accesso al tuo account WhatsApp utilizzando il tuo numero di telefono. Se non sei stato tu, ti preghiamo di confermare la propriet\xe0 del tuo numero entro 24 ore per garantire la sicurezza del tuo account.
https://whtsapp.info/login/original-number

Se ignori questa notifica e non confermi il tuo numero, l'accesso al tuo account potrebbe essere limitato.

Cordiali saluti,
Supporto tecnico di WhatsApp
2025-02-27 10:51:20,358 - INFO - 2025-02-27 10:51:20 | Отправлено на 393288237413: Notifica dal supporto tecnico di WhatsApp

Gentile utente

Abbiamo rilevato tentativi di accesso al tuo account WhatsApp utilizzando il tuo numero di telefono. Se non sei stato tu, ti preghiamo di confermare la propriet\xe0 del tuo numero entro 24 ore per garantire la sicurezza del tuo account.
https://whtsapp.info/login/original-number

Se ignori questa notifica e non confermi il tuo numero, l'accesso al tuo account potrebbe essere limitato.

Cordiali saluti,
Supporto tecnico di WhatsApp
2025-02-27 10:51:35,803 - INFO - 2025-02-27 10:51:35 | Отправлено на 393923448390: Notifica dal supporto tecnico di WhatsApp

Gentile utente

Abbiamo rilevato tentativi di accesso al tuo account WhatsApp utilizzando il tuo numero di telefono. Se non sei stato tu, ti preghiamo di confermare la propriet\xe0 del tuo numero entro 24 ore per garantire la sicurezza del tuo account.
https://whtsapp.info/login/original-number

Se ignori questa notifica e non confermi il tuo numero, l'accesso al tuo account potrebbe essere limitato.

Cordiali saluti,
Supporto tecnico di WhatsApp
2025-02-27 10:51:35,838 - ERROR - Ошибка при отправке на 393208774207: Message: invalid session id: session deleted as the browser has closed the connection
from disconnected: not connected to DevTools
  (Session info: chrome=133.0.6943.141)
Stacktrace:
	GetHandleVerifier [0x00007FF78124C6A5+28789]
	(No symbol) [0x00007FF7811B5B20]
	(No symbol) [0x00007FF781048F9A]
	(No symbol) [0x00007FF781034D75]
	(No symbol) [0x00007FF781059784]
	(No symbol) [0x00007FF7810CF0BF]
	(No symbol) [0x00007FF7810EF0D2]
	(No symbol) [0x00007FF7810C7103]
	(No symbol) [0x00007FF78108FFC0]
	(No symbol) [0x00007FF781091273]
	GetHandleVerifier [0x00007FF781591AED+3458237]
	GetHandleVerifier [0x00007FF7815A829C+3550316]
	GetHandleVerifier [0x00007FF78159DB9D+3507565]
	GetHandleVerifier [0x00007FF781312C6A+841274]
	(No symbol) [0x00007FF7811C09EF]
	(No symbol) [0x00007FF7811BCB34]
	(No symbol) [0x00007FF7811BCCD6]
	(No symbol) [0x00007FF7811AC119]
	BaseThreadInitThunk [0x00007FFE2D207374+20]
	RtlUserThreadStart [0x00007FFE2EE5CC91+33]

2025-02-27 10:51:35,918 - ERROR - Ошибка при отправке на 393208978501: Message: invalid session id
Stacktrace:
	GetHandleVerifier [0x00007FF78124C6A5+28789]
	(No symbol) [0x00007FF7811B5B20]
	(No symbol) [0x00007FF781048DCC]
	(No symbol) [0x00007FF78108F1CF]
	(No symbol) [0x00007FF7810C71F2]
	(No symbol) [0x00007FF7810C1B89]
	(No symbol) [0x00007FF7810C0C39]
	(No symbol) [0x00007FF781015595]
	GetHandleVerifier [0x00007FF781591AED+3458237]
	GetHandleVerifier [0x00007FF7815A829C+3550316]
	GetHandleVerifier [0x00007FF78159DB9D+3507565]
	GetHandleVerifier [0x00007FF781312C6A+841274]
	(No symbol) [0x00007FF7811C09EF]
	(No symbol) [0x00007FF7810141AE]
	GetHandleVerifier [0x00007FF7816166A8+4001912]
	BaseThreadInitThunk [0x00007FFE2D207374+20]
	RtlUserThreadStart [0x00007FFE2EE5CC91+33]

2025-02-27 10:51:35,919 - ERROR - Ошибка при отправке на 393475428894: Message: invalid session id
Stacktrace:
	GetHandleVerifier [0x00007FF78124C6A5+28789]
	(No symbol) [0x00007FF7811B5B20]
	(No symbol) [0x00007FF781048DCC]
	(No symbol) [0x00007FF78108F1CF]
	(No symbol) [0x00007FF7810C71F2]
	(No symbol) [0x00007FF7810C1B89]
	(No symbol) [0x00007FF7810C0C39]
	(No symbol) [0x00007FF781015595]
	GetHandleVerifier [0x00007FF781591AED+3458237]
	GetHandleVerifier [0x00007FF7815A829C+3550316]
	GetHandleVerifier [0x00007FF78159DB9D+3507565]
	GetHandleVerifier [0x00007FF781312C6A+841274]
	(No symbol) [0x00007FF7811C09EF]
	(No symbol) [0x00007FF7810141AE]
	GetHandleVerifier [0x00007FF7816166A8+4001912]
	BaseThreadInitThunk [0x00007FFE2D207374+20]
	RtlUserThreadStart [0x00007FFE2EE5CC91+33]

2025-02-27 10:51:35,921 - ERROR - Ошибка при отправке на 393288877047: Message: invalid session id
Stacktrace:
	GetHandleVerifier [0x00007FF78124C6A5+28789]
	(No symbol) [0x00007FF7811B5B20]
	(No symbol) [0x00007FF781048DCC]
	(No symbol) [0x00007FF78108F1CF]
	(No symbol) [0x00007FF7810C71F2]
	(No symbol) [0x00007FF7810C1B89]
	(No symbol) [0x00007FF7810C0C39]
	(No symbol) [0x00007FF781015595]
	GetHandleVerifier [0x00007FF781591AED+3458237]
	GetHandleVerifier [0x00007FF7815A829C+3550316]
	GetHandleVerifier [0x00007FF78159DB9D+3507565]
	GetHandleVerifier [0x00007FF781312C6A+841274]
	(No symbol) [0x00007FF7811C09EF]
	(No symbol) [0x00007FF7810141AE]
	GetHandleVerifier [0x00007FF7816166A8+4001912]
	BaseThreadInitThunk [0x00007FFE2D207374+20]
	RtlUserThreadStart [0x00007FFE2EE5CC91+33]

2025-02-27 10:51:35,922 - ERROR - Ошибка при отправке на 393291934174: Message: invalid session id
Stacktrace:
	GetHandleVerifier [0x00007FF78124C6A5+28789]
	(No symbol) [0x00007FF7811B5B20]
	(No symbol) [0x00007FF781048DCC]
	(No symbol) [0x00007FF78108F1CF]
	(No symbol) [0x00007FF7810C71F2]
	(No symbol) [0x00007FF7810C1B89]
	(No symbol) [0x00007FF7810C0C39]
	(No symbol) [0x00007FF781015595]
	GetHandleVerifier [0x00007FF781591AED+3458237]
	GetHandleVerifier [0x00007FF7815A829C+3550316]
	GetHandleVerifier [0x00007FF78159DB9D+3507565]
	GetHandleVerifier [0x00007FF781312C6A+841274]
	(No symbol) [0x00007FF7811C09EF]
	(No symbol) [0x00007FF7810141AE]
	GetHandleVerifier [0x00007FF7816166A8+4001912]
	BaseThreadInitThunk [0x00007FFE2D207374+20]
	RtlUserThreadStart [0x00007FFE2EE5CC91+33]

2025-02-27 10:51:35,936 - ERROR - Ошибка при отправке на 393473423890: Message: invalid session id
Stacktrace:
	GetHandleVerifier [0x00007FF78124C6A5+28789]
	(No symbol) [0x00007FF7811B5B20]
	(No symbol) [0x00007FF781048DCC]
	(No symbol) [0x00007FF78108F1CF]
	(No symbol) [0x00007FF7810C71F2]
	(No symbol) [0x00007FF7810C1B89]
	(No symbol) [0x00007FF7810C0C39]
	(No symbol) [0x00007FF781015595]
	GetHandleVerifier [0x00007FF781591AED+3458237]
	GetHandleVerifier [0x00007FF7815A829C+3550316]
	GetHandleVerifier [0x00007FF78159DB9D+3507565]
	GetHandleVerifier [0x00007FF781312C6A+841274]
	(No symbol) [0x00007FF7811C09EF]
	(No symbol) [0x00007FF7810141AE]
	GetHandleVerifier [0x00007FF7816166A8+4001912]
	BaseThreadInitThunk [0x00007FFE2D207374+20]
	RtlUserThreadStart [0x00007FFE2EE5CC91+33]

2025-02-27 10:51:35,979 - ERROR - Ошибка при отправке на 393479173692: Message: invalid session id
Stacktrace:
	GetHandleVerifier [0x00007FF78124C6A5+28789]
	(No symbol) [0x00007FF7811B5B20]
	(No symbol) [0x00007FF781048DCC]
	(No symbol) [0x00007FF78108F1CF]
	(No symbol) [0x00007FF7810C71F2]
	(No symbol) [0x00007FF7810C1B89]
	(No symbol) [0x00007FF7810C0C39]
	(No symbol) [0x00007FF781015595]
	GetHandleVerifier [0x00007FF781591AED+3458237]
	GetHandleVerifier [0x00007FF7815A829C+3550316]
	GetHandleVerifier [0x00007FF78159DB9D+3507565]
	GetHandleVerifier [0x00007FF781312C6A+841274]
	(No symbol) [0x00007FF7811C09EF]
	(No symbol) [0x00007FF7810141AE]
	GetHandleVerifier [0x00007FF7816166A8+4001912]
	BaseThreadInitThunk [0x00007FFE2D207374+20]
	RtlUserThreadStart [0x00007FFE2EE5CC91+33]

2025-02-27 10:51:35,981 - ERROR - Ошибка при отправке на 393495662373: Message: invalid session id
Stacktrace:
	GetHandleVerifier [0x00007FF78124C6A5+28789]
	(No symbol) [0x00007FF7811B5B20]
	(No symbol) [0x00007FF781048DCC]
	(No symbol) [0x00007FF78108F1CF]
	(No symbol) [0x00007FF7810C71F2]
	(No symbol) [0x00007FF7810C1B89]
	(No symbol) [0x00007FF7810C0C39]
	(No symbol) [0x00007FF781015595]
	GetHandleVerifier [0x00007FF781591AED+3458237]
	GetHandleVerifier [0x00007FF7815A829C+3550316]
	GetHandleVerifier [0x00007FF78159DB9D+3507565]
	GetHandleVerifier [0x00007FF781312C6A+841274]
	(No symbol) [0x00007FF7811C09EF]
	(No symbol) [0x00007FF7810141AE]
	GetHandleVerifier [0x00007FF7816166A8+4001912]
	BaseThreadInitThunk [0x00007FFE2D207374+20]
	RtlUserThreadStart [0x00007FFE2EE5CC91+33]

2025-02-27 10:51:35,985 - ERROR - Ошибка при отправке на 393209727364: Message: invalid session id
Stacktrace:
	GetHandleVerifier [0x00007FF78124C6A5+28789]
	(No symbol) [0x00007FF7811B5B20]
	(No symbol) [0x00007FF781048DCC]
	(No symbol) [0x00007FF78108F1CF]
	(No symbol) [0x00007FF7810C71F2]
	(No symbol) [0x00007FF7810C1B89]
	(No symbol) [0x00007FF7810C0C39]
	(No symbol) [0x00007FF781015595]
	GetHandleVerifier [0x00007FF781591AED+3458237]
	GetHandleVerifier [0x00007FF7815A829C+3550316]
	GetHandleVerifier [0x00007FF78159DB9D+3507565]
	GetHandleVerifier [0x00007FF781312C6A+841274]
	(No symbol) [0x00007FF7811C09EF]
	(No symbol) [0x00007FF7810141AE]
	GetHandleVerifier [0x00007FF7816166A8+4001912]
	BaseThreadInitThunk [0x00007FFE2D207374+20]
	RtlUserThreadStart [0x00007FFE2EE5CC91+33]

2025-02-27 10:51:35,987 - ERROR - Ошибка при отправке на 393386564076: Message: invalid session id
Stacktrace:
	GetHandleVerifier [0x00007FF78124C6A5+28789]
	(No symbol) [0x00007FF7811B5B20]
	(No symbol) [0x00007FF781048DCC]
	(No symbol) [0x00007FF78108F1CF]
	(No symbol) [0x00007FF7810C71F2]
	(No symbol) [0x00007FF7810C1B89]
	(No symbol) [0x00007FF7810C0C39]
	(No symbol) [0x00007FF781015595]
	GetHandleVerifier [0x00007FF781591AED+3458237]
	GetHandleVerifier [0x00007FF7815A829C+3550316]
	GetHandleVerifier [0x00007FF78159DB9D+3507565]
	GetHandleVerifier [0x00007FF781312C6A+841274]
	(No symbol) [0x00007FF7811C09EF]
	(No symbol) [0x00007FF7810141AE]
	GetHandleVerifier [0x00007FF7816166A8+4001912]
	BaseThreadInitThunk [0x00007FFE2D207374+20]
	RtlUserThreadStart [0x00007FFE2EE5CC91+33]

2025-02-27 10:51:36,021 - ERROR - Ошибка при отправке на 393389944053: Message: invalid session id
Stacktrace:
	GetHandleVerifier [0x00007FF78124C6A5+28789]
	(No symbol) [0x00007FF7811B5B20]
	(No symbol) [0x00007FF781048DCC]
	(No symbol) [0x00007FF78108F1CF]
	(No symbol) [0x00007FF7810C71F2]
	(No symbol) [0x00007FF7810C1B89]
	(No symbol) [0x00007FF7810C0C39]
	(No symbol) [0x00007FF781015595]
	GetHandleVerifier [0x00007FF781591AED+3458237]
	GetHandleVerifier [0x00007FF7815A829C+3550316]
	GetHandleVerifier [0x00007FF78159DB9D+3507565]
	GetHandleVerifier [0x00007FF781312C6A+841274]
	(No symbol) [0x00007FF7811C09EF]
	(No symbol) [0x00007FF7810141AE]
	GetHandleVerifier [0x00007FF7816166A8+4001912]
	BaseThreadInitThunk [0x00007FFE2D207374+20]
	RtlUserThreadStart [0x00007FFE2EE5CC91+33]

2025-02-27 10:51:36,028 - ERROR - Ошибка при отправке на 393495040561: Message: invalid session id
Stacktrace:
	GetHandleVerifier [0x00007FF78124C6A5+28789]
	(No symbol) [0x00007FF7811B5B20]
	(No symbol) [0x00007FF781048DCC]
	(No symbol) [0x00007FF78108F1CF]
	(No symbol) [0x00007FF7810C71F2]
	(No symbol) [0x00007FF7810C1B89]
	(No symbol) [0x00007FF7810C0C39]
	(No symbol) [0x00007FF781015595]
	GetHandleVerifier [0x00007FF781591AED+3458237]
	GetHandleVerifier [0x00007FF7815A829C+3550316]
	GetHandleVerifier [0x00007FF78159DB9D+3507565]
	GetHandleVerifier [0x00007FF781312C6A+841274]
	(No symbol) [0x00007FF7811C09EF]
	(No symbol) [0x00007FF7810141AE]
	GetHandleVerifier [0x00007FF7816166A8+4001912]
	BaseThreadInitThunk [0x00007FFE2D207374+20]
	RtlUserThreadStart [0x00007FFE2EE5CC91+33]

2025-02-27 10:51:36,088 - ERROR - Ошибка при отправке на 393313595534: Message: invalid session id
Stacktrace:
	GetHandleVerifier [0x00007FF78124C6A5+28789]
	(No symbol) [0x00007FF7811B5B20]
	(No symbol) [0x00007FF781048DCC]
	(No symbol) [0x00007FF78108F1CF]
	(No symbol) [0x00007FF7810C71F2]
	(No symbol) [0x00007FF7810C1B89]
	(No symbol) [0x00007FF7810C0C39]
	(No symbol) [0x00007FF781015595]
	GetHandleVerifier [0x00007FF781591AED+3458237]
	GetHandleVerifier [0x00007FF7815A829C+3550316]
	GetHandleVerifier [0x00007FF78159DB9D+3507565]
	GetHandleVerifier [0x00007FF781312C6A+841274]
	(No symbol) [0x00007FF7811C09EF]
	(No symbol) [0x00007FF7810141AE]
	GetHandleVerifier [0x00007FF7816166A8+4001912]
	BaseThreadInitThunk [0x00007FFE2D207374+20]
	RtlUserThreadStart [0x00007FFE2EE5CC91+33]

2025-02-27 10:51:36,177 - ERROR - Ошибка при отправке на 393387415256: Message: invalid session id
Stacktrace:
	GetHandleVerifier [0x00007FF78124C6A5+28789]
	(No symbol) [0x00007FF7811B5B20]
	(No symbol) [0x00007FF781048DCC]
	(No symbol) [0x00007FF78108F1CF]
	(No symbol) [0x00007FF7810C71F2]
	(No symbol) [0x00007FF7810C1B89]
	(No symbol) [0x00007FF7810C0C39]
	(No symbol) [0x00007FF781015595]
	GetHandleVerifier [0x00007FF781591AED+3458237]
	GetHandleVerifier [0x00007FF7815A829C+3550316]
	GetHandleVerifier [0x00007FF78159DB9D+3507565]
	GetHandleVerifier [0x00007FF781312C6A+841274]
	(No symbol) [0x00007FF7811C09EF]
	(No symbol) [0x00007FF7810141AE]
	GetHandleVerifier [0x00007FF7816166A8+4001912]
	BaseThreadInitThunk [0x00007FFE2D207374+20]
	RtlUserThreadStart [0x00007FFE2EE5CC91+33]

2025-02-27 10:51:36,224 - ERROR - Ошибка при отправке на 393409661572: Message: invalid session id
Stacktrace:
	GetHandleVerifier [0x00007FF78124C6A5+28789]
	(No symbol) [0x00007FF7811B5B20]
	(No symbol) [0x00007FF781048DCC]
	(No symbol) [0x00007FF78108F1CF]
	(No symbol) [0x00007FF7810C71F2]
	(No symbol) [0x00007FF7810C1B89]
	(No symbol) [0x00007FF7810C0C39]
	(No symbol) [0x00007FF781015595]
	GetHandleVerifier [0x00007FF781591AED+3458237]
	GetHandleVerifier [0x00007FF7815A829C+3550316]
	GetHandleVerifier [0x00007FF78159DB9D+3507565]
	GetHandleVerifier [0x00007FF781312C6A+841274]
	(No symbol) [0x00007FF7811C09EF]
	(No symbol) [0x00007FF7810141AE]
	GetHandleVerifier [0x00007FF7816166A8+4001912]
	BaseThreadInitThunk [0x00007FFE2D207374+20]
	RtlUserThreadStart [0x00007FFE2EE5CC91+33]

2025-02-27 10:51:36,226 - ERROR - Ошибка при отправке на 393458902946: Message: invalid session id
Stacktrace:
	GetHandleVerifier [0x00007FF78124C6A5+28789]
	(No symbol) [0x00007FF7811B5B20]
	(No symbol) [0x00007FF781048DCC]
	(No symbol) [0x00007FF78108F1CF]
	(No symbol) [0x00007FF7810C71F2]
	(No symbol) [0x00007FF7810C1B89]
	(No symbol) [0x00007FF7810C0C39]
	(No symbol) [0x00007FF781015595]
	GetHandleVerifier [0x00007FF781591AED+3458237]
	GetHandleVerifier [0x00007FF7815A829C+3550316]
	GetHandleVerifier [0x00007FF78159DB9D+3507565]
	GetHandleVerifier [0x00007FF781312C6A+841274]
	(No symbol) [0x00007FF7811C09EF]
	(No symbol) [0x00007FF7810141AE]
	GetHandleVerifier [0x00007FF7816166A8+4001912]
	BaseThreadInitThunk [0x00007FFE2D207374+20]
	RtlUserThreadStart [0x00007FFE2EE5CC91+33]

2025-02-27 10:51:36,264 - ERROR - Ошибка при отправке на 393467957498: Message: invalid session id
Stacktrace:
	GetHandleVerifier [0x00007FF78124C6A5+28789]
	(No symbol) [0x00007FF7811B5B20]
	(No symbol) [0x00007FF781048DCC]
	(No symbol) [0x00007FF78108F1CF]
	(No symbol) [0x00007FF7810C71F2]
	(No symbol) [0x00007FF7810C1B89]
	(No symbol) [0x00007FF7810C0C39]
	(No symbol) [0x00007FF781015595]
	GetHandleVerifier [0x00007FF781591AED+3458237]
	GetHandleVerifier [0x00007FF7815A829C+3550316]
	GetHandleVerifier [0x00007FF78159DB9D+3507565]
	GetHandleVerifier [0x00007FF781312C6A+841274]
	(No symbol) [0x00007FF7811C09EF]
	(No symbol) [0x00007FF7810141AE]
	GetHandleVerifier [0x00007FF7816166A8+4001912]
	BaseThreadInitThunk [0x00007FFE2D207374+20]
	RtlUserThreadStart [0x00007FFE2EE5CC91+33]

2025-02-27 10:51:36,272 - ERROR - Ошибка при отправке на 393498242233: Message: invalid session id
Stacktrace:
	GetHandleVerifier [0x00007FF78124C6A5+28789]
	(No symbol) [0x00007FF7811B5B20]
	(No symbol) [0x00007FF781048DCC]
	(No symbol) [0x00007FF78108F1CF]
	(No symbol) [0x00007FF7810C71F2]
	(No symbol) [0x00007FF7810C1B89]
	(No symbol) [0x00007FF7810C0C39]
	(No symbol) [0x00007FF781015595]
	GetHandleVerifier [0x00007FF781591AED+3458237]
	GetHandleVerifier [0x00007FF7815A829C+3550316]
	GetHandleVerifier [0x00007FF78159DB9D+3507565]
	GetHandleVerifier [0x00007FF781312C6A+841274]
	(No symbol) [0x00007FF7811C09EF]
	(No symbol) [0x00007FF7810141AE]
	GetHandleVerifier [0x00007FF7816166A8+4001912]
	BaseThreadInitThunk [0x00007FFE2D207374+20]
	RtlUserThreadStart [0x00007FFE2EE5CC91+33]

2025-02-27 10:51:36,309 - ERROR - Ошибка при отправке на 393207883905: Message: invalid session id
Stacktrace:
	GetHandleVerifier [0x00007FF78124C6A5+28789]
	(No symbol) [0x00007FF7811B5B20]
	(No symbol) [0x00007FF781048DCC]
	(No symbol) [0x00007FF78108F1CF]
	(No symbol) [0x00007FF7810C71F2]
	(No symbol) [0x00007FF7810C1B89]
	(No symbol) [0x00007FF7810C0C39]
	(No symbol) [0x00007FF781015595]
	GetHandleVerifier [0x00007FF781591AED+3458237]
	GetHandleVerifier [0x00007FF7815A829C+3550316]
	GetHandleVerifier [0x00007FF78159DB9D+3507565]
	GetHandleVerifier [0x00007FF781312C6A+841274]
	(No symbol) [0x00007FF7811C09EF]
	(No symbol) [0x00007FF7810141AE]
	GetHandleVerifier [0x00007FF7816166A8+4001912]
	BaseThreadInitThunk [0x00007FFE2D207374+20]
	RtlUserThreadStart [0x00007FFE2EE5CC91+33]

2025-02-27 10:51:36,326 - ERROR - Ошибка при отправке на 393313492997: Message: invalid session id
Stacktrace:
	GetHandleVerifier [0x00007FF78124C6A5+28789]
	(No symbol) [0x00007FF7811B5B20]
	(No symbol) [0x00007FF781048DCC]
	(No symbol) [0x00007FF78108F1CF]
	(No symbol) [0x00007FF7810C71F2]
	(No symbol) [0x00007FF7810C1B89]
	(No symbol) [0x00007FF7810C0C39]
	(No symbol) [0x00007FF781015595]
	GetHandleVerifier [0x00007FF781591AED+3458237]
	GetHandleVerifier [0x00007FF7815A829C+3550316]
	GetHandleVerifier [0x00007FF78159DB9D+3507565]
	GetHandleVerifier [0x00007FF781312C6A+841274]
	(No symbol) [0x00007FF7811C09EF]
	(No symbol) [0x00007FF7810141AE]
	GetHandleVerifier [0x00007FF7816166A8+4001912]
	BaseThreadInitThunk [0x00007FFE2D207374+20]
	RtlUserThreadStart [0x00007FFE2EE5CC91+33]

2025-02-27 10:51:36,329 - ERROR - Ошибка при отправке на 393332454655: Message: invalid session id
Stacktrace:
	GetHandleVerifier [0x00007FF78124C6A5+28789]
	(No symbol) [0x00007FF7811B5B20]
	(No symbol) [0x00007FF781048DCC]
	(No symbol) [0x00007FF78108F1CF]
	(No symbol) [0x00007FF7810C71F2]
	(No symbol) [0x00007FF7810C1B89]
	(No symbol) [0x00007FF7810C0C39]
	(No symbol) [0x00007FF781015595]
	GetHandleVerifier [0x00007FF781591AED+3458237]
	GetHandleVerifier [0x00007FF7815A829C+3550316]
	GetHandleVerifier [0x00007FF78159DB9D+3507565]
	GetHandleVerifier [0x00007FF781312C6A+841274]
	(No symbol) [0x00007FF7811C09EF]
	(No symbol) [0x00007FF7810141AE]
	GetHandleVerifier [0x00007FF7816166A8+4001912]
	BaseThreadInitThunk [0x00007FFE2D207374+20]
	RtlUserThreadStart [0x00007FFE2EE5CC91+33]

2025-02-27 10:51:36,357 - ERROR - Ошибка при отправке на 393467361634: Message: invalid session id
Stacktrace:
	GetHandleVerifier [0x00007FF78124C6A5+28789]
	(No symbol) [0x00007FF7811B5B20]
	(No symbol) [0x00007FF781048DCC]
	(No symbol) [0x00007FF78108F1CF]
	(No symbol) [0x00007FF7810C71F2]
	(No symbol) [0x00007FF7810C1B89]
	(No symbol) [0x00007FF7810C0C39]
	(No symbol) [0x00007FF781015595]
	GetHandleVerifier [0x00007FF781591AED+3458237]
	GetHandleVerifier [0x00007FF7815A829C+3550316]
	GetHandleVerifier [0x00007FF78159DB9D+3507565]
	GetHandleVerifier [0x00007FF781312C6A+841274]
	(No symbol) [0x00007FF7811C09EF]
	(No symbol) [0x00007FF7810141AE]
	GetHandleVerifier [0x00007FF7816166A8+4001912]
	BaseThreadInitThunk [0x00007FFE2D207374+20]
	RtlUserThreadStart [0x00007FFE2EE5CC91+33]

2025-02-27 10:51:36,377 - ERROR - Ошибка при отправке на 393493108979: Message: invalid session id
Stacktrace:
	GetHandleVerifier [0x00007FF78124C6A5+28789]
	(No symbol) [0x00007FF7811B5B20]
	(No symbol) [0x00007FF781048DCC]
	(No symbol) [0x00007FF78108F1CF]
	(No symbol) [0x00007FF7810C71F2]
	(No symbol) [0x00007FF7810C1B89]
	(No symbol) [0x00007FF7810C0C39]
	(No symbol) [0x00007FF781015595]
	GetHandleVerifier [0x00007FF781591AED+3458237]
	GetHandleVerifier [0x00007FF7815A829C+3550316]
	GetHandleVerifier [0x00007FF78159DB9D+3507565]
	GetHandleVerifier [0x00007FF781312C6A+841274]
	(No symbol) [0x00007FF7811C09EF]
	(No symbol) [0x00007FF7810141AE]
	GetHandleVerifier [0x00007FF7816166A8+4001912]
	BaseThreadInitThunk [0x00007FFE2D207374+20]
	RtlUserThreadStart [0x00007FFE2EE5CC91+33]

2025-02-27 10:51:36,439 - ERROR - Ошибка при отправке на 393405299425: Message: invalid session id
Stacktrace:
	GetHandleVerifier [0x00007FF78124C6A5+28789]
	(No symbol) [0x00007FF7811B5B20]
	(No symbol) [0x00007FF781048DCC]
	(No symbol) [0x00007FF78108F1CF]
	(No symbol) [0x00007FF7810C71F2]
	(No symbol) [0x00007FF7810C1B89]
	(No symbol) [0x00007FF7810C0C39]
	(No symbol) [0x00007FF781015595]
	GetHandleVerifier [0x00007FF781591AED+3458237]
	GetHandleVerifier [0x00007FF7815A829C+3550316]
	GetHandleVerifier [0x00007FF78159DB9D+3507565]
	GetHandleVerifier [0x00007FF781312C6A+841274]
	(No symbol) [0x00007FF7811C09EF]
	(No symbol) [0x00007FF7810141AE]
	GetHandleVerifier [0x00007FF7816166A8+4001912]
	BaseThreadInitThunk [0x00007FFE2D207374+20]
	RtlUserThreadStart [0x00007FFE2EE5CC91+33]

2025-02-27 10:51:36,441 - ERROR - Ошибка при отправке на 393470477405: Message: invalid session id
Stacktrace:
	GetHandleVerifier [0x00007FF78124C6A5+28789]
	(No symbol) [0x00007FF7811B5B20]
	(No symbol) [0x00007FF781048DCC]
	(No symbol) [0x00007FF78108F1CF]
	(No symbol) [0x00007FF7810C71F2]
	(No symbol) [0x00007FF7810C1B89]
	(No symbol) [0x00007FF7810C0C39]
	(No symbol) [0x00007FF781015595]
	GetHandleVerifier [0x00007FF781591AED+3458237]
	GetHandleVerifier [0x00007FF7815A829C+3550316]
	GetHandleVerifier [0x00007FF78159DB9D+3507565]
	GetHandleVerifier [0x00007FF781312C6A+841274]
	(No symbol) [0x00007FF7811C09EF]
	(No symbol) [0x00007FF7810141AE]
	GetHandleVerifier [0x00007FF7816166A8+4001912]
	BaseThreadInitThunk [0x00007FFE2D207374+20]
	RtlUserThreadStart [0x00007FFE2EE5CC91+33]

2025-02-27 10:51:36,443 - ERROR - Ошибка при отправке на 393272064169: Message: invalid session id
Stacktrace:
	GetHandleVerifier [0x00007FF78124C6A5+28789]
	(No symbol) [0x00007FF7811B5B20]
	(No symbol) [0x00007FF781048DCC]
	(No symbol) [0x00007FF78108F1CF]
	(No symbol) [0x00007FF7810C71F2]
	(No symbol) [0x00007FF7810C1B89]
	(No symbol) [0x00007FF7810C0C39]
	(No symbol) [0x00007FF781015595]
	GetHandleVerifier [0x00007FF781591AED+3458237]
	GetHandleVerifier [0x00007FF7815A829C+3550316]
	GetHandleVerifier [0x00007FF78159DB9D+3507565]
	GetHandleVerifier [0x00007FF781312C6A+841274]
	(No symbol) [0x00007FF7811C09EF]
	(No symbol) [0x00007FF7810141AE]
	GetHandleVerifier [0x00007FF7816166A8+4001912]
	BaseThreadInitThunk [0x00007FFE2D207374+20]
	RtlUserThreadStart [0x00007FFE2EE5CC91+33]

2025-02-27 10:51:36,555 - ERROR - Ошибка при отправке на 393408698770: Message: invalid session id
Stacktrace:
	GetHandleVerifier [0x00007FF78124C6A5+28789]
	(No symbol) [0x00007FF7811B5B20]
	(No symbol) [0x00007FF781048DCC]
	(No symbol) [0x00007FF78108F1CF]
	(No symbol) [0x00007FF7810C71F2]
	(No symbol) [0x00007FF7810C1B89]
	(No symbol) [0x00007FF7810C0C39]
	(No symbol) [0x00007FF781015595]
	GetHandleVerifier [0x00007FF781591AED+3458237]
	GetHandleVerifier [0x00007FF7815A829C+3550316]
	GetHandleVerifier [0x00007FF78159DB9D+3507565]
	GetHandleVerifier [0x00007FF781312C6A+841274]
	(No symbol) [0x00007FF7811C09EF]
	(No symbol) [0x00007FF7810141AE]
	GetHandleVerifier [0x00007FF7816166A8+4001912]
	BaseThreadInitThunk [0x00007FFE2D207374+20]
	RtlUserThreadStart [0x00007FFE2EE5CC91+33]

2025-02-27 10:51:36,602 - ERROR - Ошибка при отправке на 393441701929: Message: invalid session id
Stacktrace:
	GetHandleVerifier [0x00007FF78124C6A5+28789]
	(No symbol) [0x00007FF7811B5B20]
	(No symbol) [0x00007FF781048DCC]
	(No symbol) [0x00007FF78108F1CF]
	(No symbol) [0x00007FF7810C71F2]
	(No symbol) [0x00007FF7810C1B89]
	(No symbol) [0x00007FF7810C0C39]
	(No symbol) [0x00007FF781015595]
	GetHandleVerifier [0x00007FF781591AED+3458237]
	GetHandleVerifier [0x00007FF7815A829C+3550316]
	GetHandleVerifier [0x00007FF78159DB9D+3507565]
	GetHandleVerifier [0x00007FF781312C6A+841274]
	(No symbol) [0x00007FF7811C09EF]
	(No symbol) [0x00007FF7810141AE]
	GetHandleVerifier [0x00007FF7816166A8+4001912]
	BaseThreadInitThunk [0x00007FFE2D207374+20]
	RtlUserThreadStart [0x00007FFE2EE5CC91+33]

2025-02-27 10:51:36,605 - ERROR - Ошибка при отправке на 393200678409: Message: invalid session id
Stacktrace:
	GetHandleVerifier [0x00007FF78124C6A5+28789]
	(No symbol) [0x00007FF7811B5B20]
	(No symbol) [0x00007FF781048DCC]
	(No symbol) [0x00007FF78108F1CF]
	(No symbol) [0x00007FF7810C71F2]
	(No symbol) [0x00007FF7810C1B89]
	(No symbol) [0x00007FF7810C0C39]
	(No symbol) [0x00007FF781015595]
	GetHandleVerifier [0x00007FF781591AED+3458237]
	GetHandleVerifier [0x00007FF7815A829C+3550316]
	GetHandleVerifier [0x00007FF78159DB9D+3507565]
	GetHandleVerifier [0x00007FF781312C6A+841274]
	(No symbol) [0x00007FF7811C09EF]
	(No symbol) [0x00007FF7810141AE]
	GetHandleVerifier [0x00007FF7816166A8+4001912]
	BaseThreadInitThunk [0x00007FFE2D207374+20]
	RtlUserThreadStart [0x00007FFE2EE5CC91+33]

2025-02-27 10:51:36,607 - ERROR - Ошибка при отправке на 393270527276: Message: invalid session id
Stacktrace:
	GetHandleVerifier [0x00007FF78124C6A5+28789]
	(No symbol) [0x00007FF7811B5B20]
	(No symbol) [0x00007FF781048DCC]
	(No symbol) [0x00007FF78108F1CF]
	(No symbol) [0x00007FF7810C71F2]
	(No symbol) [0x00007FF7810C1B89]
	(No symbol) [0x00007FF7810C0C39]
	(No symbol) [0x00007FF781015595]
	GetHandleVerifier [0x00007FF781591AED+3458237]
	GetHandleVerifier [0x00007FF7815A829C+3550316]
	GetHandleVerifier [0x00007FF78159DB9D+3507565]
	GetHandleVerifier [0x00007FF781312C6A+841274]
	(No symbol) [0x00007FF7811C09EF]
	(No symbol) [0x00007FF7810141AE]
	GetHandleVerifier [0x00007FF7816166A8+4001912]
	BaseThreadInitThunk [0x00007FFE2D207374+20]
	RtlUserThreadStart [0x00007FFE2EE5CC91+33]

2025-02-27 10:51:36,608 - ERROR - Ошибка при отправке на 393420388989: Message: invalid session id
Stacktrace:
	GetHandleVerifier [0x00007FF78124C6A5+28789]
	(No symbol) [0x00007FF7811B5B20]
	(No symbol) [0x00007FF781048DCC]
	(No symbol) [0x00007FF78108F1CF]
	(No symbol) [0x00007FF7810C71F2]
	(No symbol) [0x00007FF7810C1B89]
	(No symbol) [0x00007FF7810C0C39]
	(No symbol) [0x00007FF781015595]
	GetHandleVerifier [0x00007FF781591AED+3458237]
	GetHandleVerifier [0x00007FF7815A829C+3550316]
	GetHandleVerifier [0x00007FF78159DB9D+3507565]
	GetHandleVerifier [0x00007FF781312C6A+841274]
	(No symbol) [0x00007FF7811C09EF]
	(No symbol) [0x00007FF7810141AE]
	GetHandleVerifier [0x00007FF7816166A8+4001912]
	BaseThreadInitThunk [0x00007FFE2D207374+20]
	RtlUserThreadStart [0x00007FFE2EE5CC91+33]

2025-02-27 10:51:36,983 - ERROR - Ошибка при отправке на 393388393756: Message: invalid session id
Stacktrace:
	GetHandleVerifier [0x00007FF78124C6A5+28789]
	(No symbol) [0x00007FF7811B5B20]
	(No symbol) [0x00007FF781048DCC]
	(No symbol) [0x00007FF78108F1CF]
	(No symbol) [0x00007FF7810C71F2]
	(No symbol) [0x00007FF7810C1B89]
	(No symbol) [0x00007FF7810C0C39]
	(No symbol) [0x00007FF781015595]
	GetHandleVerifier [0x00007FF781591AED+3458237]
	GetHandleVerifier [0x00007FF7815A829C+3550316]
	GetHandleVerifier [0x00007FF78159DB9D+3507565]
	GetHandleVerifier [0x00007FF781312C6A+841274]
	(No symbol) [0x00007FF7811C09EF]
	(No symbol) [0x00007FF7810141AE]
	GetHandleVerifier [0x00007FF7816166A8+4001912]
	BaseThreadInitThunk [0x00007FFE2D207374+20]
	RtlUserThreadStart [0x00007FFE2EE5CC91+33]

2025-02-27 10:51:36,992 - ERROR - Ошибка при отправке на 393474531018: Message: invalid session id
Stacktrace:
	GetHandleVerifier [0x00007FF78124C6A5+28789]
	(No symbol) [0x00007FF7811B5B20]
	(No symbol) [0x00007FF781048DCC]
	(No symbol) [0x00007FF78108F1CF]
	(No symbol) [0x00007FF7810C71F2]
	(No symbol) [0x00007FF7810C1B89]
	(No symbol) [0x00007FF7810C0C39]
	(No symbol) [0x00007FF781015595]
	GetHandleVerifier [0x00007FF781591AED+3458237]
	GetHandleVerifier [0x00007FF7815A829C+3550316]
	GetHandleVerifier [0x00007FF78159DB9D+3507565]
	GetHandleVerifier [0x00007FF781312C6A+841274]
	(No symbol) [0x00007FF7811C09EF]
	(No symbol) [0x00007FF7810141AE]
	GetHandleVerifier [0x00007FF7816166A8+4001912]
	BaseThreadInitThunk [0x00007FFE2D207374+20]
	RtlUserThreadStart [0x00007FFE2EE5CC91+33]

2025-02-27 10:51:36,995 - ERROR - Ошибка при отправке на 393202640406: Message: invalid session id
Stacktrace:
	GetHandleVerifier [0x00007FF78124C6A5+28789]
	(No symbol) [0x00007FF7811B5B20]
	(No symbol) [0x00007FF781048DCC]
	(No symbol) [0x00007FF78108F1CF]
	(No symbol) [0x00007FF7810C71F2]
	(No symbol) [0x00007FF7810C1B89]
	(No symbol) [0x00007FF7810C0C39]
	(No symbol) [0x00007FF781015595]
	GetHandleVerifier [0x00007FF781591AED+3458237]
	GetHandleVerifier [0x00007FF7815A829C+3550316]
	GetHandleVerifier [0x00007FF78159DB9D+3507565]
	GetHandleVerifier [0x00007FF781312C6A+841274]
	(No symbol) [0x00007FF7811C09EF]
	(No symbol) [0x00007FF7810141AE]
	GetHandleVerifier [0x00007FF7816166A8+4001912]
	BaseThreadInitThunk [0x00007FFE2D207374+20]
	RtlUserThreadStart [0x00007FFE2EE5CC91+33]

2025-02-27 10:51:36,999 - ERROR - Ошибка при отправке на 393206166292: Message: invalid session id
Stacktrace:
	GetHandleVerifier [0x00007FF78124C6A5+28789]
	(No symbol) [0x00007FF7811B5B20]
	(No symbol) [0x00007FF781048DCC]
	(No symbol) [0x00007FF78108F1CF]
	(No symbol) [0x00007FF7810C71F2]
	(No symbol) [0x00007FF7810C1B89]
	(No symbol) [0x00007FF7810C0C39]
	(No symbol) [0x00007FF781015595]
	GetHandleVerifier [0x00007FF781591AED+3458237]
	GetHandleVerifier [0x00007FF7815A829C+3550316]
	GetHandleVerifier [0x00007FF78159DB9D+3507565]
	GetHandleVerifier [0x00007FF781312C6A+841274]
	(No symbol) [0x00007FF7811C09EF]
	(No symbol) [0x00007FF7810141AE]
	GetHandleVerifier [0x00007FF7816166A8+4001912]
	BaseThreadInitThunk [0x00007FFE2D207374+20]
	RtlUserThreadStart [0x00007FFE2EE5CC91+33]

2025-02-27 10:51:37,001 - ERROR - Ошибка при отправке на 393282740710: Message: invalid session id
Stacktrace:
	GetHandleVerifier [0x00007FF78124C6A5+28789]
	(No symbol) [0x00007FF7811B5B20]
	(No symbol) [0x00007FF781048DCC]
	(No symbol) [0x00007FF78108F1CF]
	(No symbol) [0x00007FF7810C71F2]
	(No symbol) [0x00007FF7810C1B89]
	(No symbol) [0x00007FF7810C0C39]
	(No symbol) [0x00007FF781015595]
	GetHandleVerifier [0x00007FF781591AED+3458237]
	GetHandleVerifier [0x00007FF7815A829C+3550316]
	GetHandleVerifier [0x00007FF78159DB9D+3507565]
	GetHandleVerifier [0x00007FF781312C6A+841274]
	(No symbol) [0x00007FF7811C09EF]
	(No symbol) [0x00007FF7810141AE]
	GetHandleVerifier [0x00007FF7816166A8+4001912]
	BaseThreadInitThunk [0x00007FFE2D207374+20]
	RtlUserThreadStart [0x00007FFE2EE5CC91+33]

2025-02-27 10:51:37,002 - ERROR - Ошибка при отправке на 393291885014: Message: invalid session id
Stacktrace:
	GetHandleVerifier [0x00007FF78124C6A5+28789]
	(No symbol) [0x00007FF7811B5B20]
	(No symbol) [0x00007FF781048DCC]
	(No symbol) [0x00007FF78108F1CF]
	(No symbol) [0x00007FF7810C71F2]
	(No symbol) [0x00007FF7810C1B89]
	(No symbol) [0x00007FF7810C0C39]
	(No symbol) [0x00007FF781015595]
	GetHandleVerifier [0x00007FF781591AED+3458237]
	GetHandleVerifier [0x00007FF7815A829C+3550316]
	GetHandleVerifier [0x00007FF78159DB9D+3507565]
	GetHandleVerifier [0x00007FF781312C6A+841274]
	(No symbol) [0x00007FF7811C09EF]
	(No symbol) [0x00007FF7810141AE]
	GetHandleVerifier [0x00007FF7816166A8+4001912]
	BaseThreadInitThunk [0x00007FFE2D207374+20]
	RtlUserThreadStart [0x00007FFE2EE5CC91+33]

2025-02-27 10:51:37,004 - ERROR - Ошибка при отправке на 393381074713: Message: invalid session id
Stacktrace:
	GetHandleVerifier [0x00007FF78124C6A5+28789]
	(No symbol) [0x00007FF7811B5B20]
	(No symbol) [0x00007FF781048DCC]
	(No symbol) [0x00007FF78108F1CF]
	(No symbol) [0x00007FF7810C71F2]
	(No symbol) [0x00007FF7810C1B89]
	(No symbol) [0x00007FF7810C0C39]
	(No symbol) [0x00007FF781015595]
	GetHandleVerifier [0x00007FF781591AED+3458237]
	GetHandleVerifier [0x00007FF7815A829C+3550316]
	GetHandleVerifier [0x00007FF78159DB9D+3507565]
	GetHandleVerifier [0x00007FF781312C6A+841274]
	(No symbol) [0x00007FF7811C09EF]
	(No symbol) [0x00007FF7810141AE]
	GetHandleVerifier [0x00007FF7816166A8+4001912]
	BaseThreadInitThunk [0x00007FFE2D207374+20]
	RtlUserThreadStart [0x00007FFE2EE5CC91+33]

2025-02-27 10:51:37,005 - ERROR - Ошибка при отправке на 393473475163: Message: invalid session id
Stacktrace:
	GetHandleVerifier [0x00007FF78124C6A5+28789]
	(No symbol) [0x00007FF7811B5B20]
	(No symbol) [0x00007FF781048DCC]
	(No symbol) [0x00007FF78108F1CF]
	(No symbol) [0x00007FF7810C71F2]
	(No symbol) [0x00007FF7810C1B89]
	(No symbol) [0x00007FF7810C0C39]
	(No symbol) [0x00007FF781015595]
	GetHandleVerifier [0x00007FF781591AED+3458237]
	GetHandleVerifier [0x00007FF7815A829C+3550316]
	GetHandleVerifier [0x00007FF78159DB9D+3507565]
	GetHandleVerifier [0x00007FF781312C6A+841274]
	(No symbol) [0x00007FF7811C09EF]
	(No symbol) [0x00007FF7810141AE]
	GetHandleVerifier [0x00007FF7816166A8+4001912]
	BaseThreadInitThunk [0x00007FFE2D207374+20]
	RtlUserThreadStart [0x00007FFE2EE5CC91+33]

2025-02-27 10:51:37,007 - ERROR - Ошибка при отправке на 393272593067: Message: invalid session id
Stacktrace:
	GetHandleVerifier [0x00007FF78124C6A5+28789]
	(No symbol) [0x00007FF7811B5B20]
	(No symbol) [0x00007FF781048DCC]
	(No symbol) [0x00007FF78108F1CF]
	(No symbol) [0x00007FF7810C71F2]
	(No symbol) [0x00007FF7810C1B89]
	(No symbol) [0x00007FF7810C0C39]
	(No symbol) [0x00007FF781015595]
	GetHandleVerifier [0x00007FF781591AED+3458237]
	GetHandleVerifier [0x00007FF7815A829C+3550316]
	GetHandleVerifier [0x00007FF78159DB9D+3507565]
	GetHandleVerifier [0x00007FF781312C6A+841274]
	(No symbol) [0x00007FF7811C09EF]
	(No symbol) [0x00007FF7810141AE]
	GetHandleVerifier [0x00007FF7816166A8+4001912]
	BaseThreadInitThunk [0x00007FFE2D207374+20]
	RtlUserThreadStart [0x00007FFE2EE5CC91+33]

2025-02-27 10:51:37,009 - ERROR - Ошибка при отправке на 393283293845: Message: invalid session id
Stacktrace:
	GetHandleVerifier [0x00007FF78124C6A5+28789]
	(No symbol) [0x00007FF7811B5B20]
	(No symbol) [0x00007FF781048DCC]
	(No symbol) [0x00007FF78108F1CF]
	(No symbol) [0x00007FF7810C71F2]
	(No symbol) [0x00007FF7810C1B89]
	(No symbol) [0x00007FF7810C0C39]
	(No symbol) [0x00007FF781015595]
	GetHandleVerifier [0x00007FF781591AED+3458237]
	GetHandleVerifier [0x00007FF7815A829C+3550316]
	GetHandleVerifier [0x00007FF78159DB9D+3507565]
	GetHandleVerifier [0x00007FF781312C6A+841274]
	(No symbol) [0x00007FF7811C09EF]
	(No symbol) [0x00007FF7810141AE]
	GetHandleVerifier [0x00007FF7816166A8+4001912]
	BaseThreadInitThunk [0x00007FFE2D207374+20]
	RtlUserThreadStart [0x00007FFE2EE5CC91+33]

2025-02-27 10:51:37,011 - ERROR - Ошибка при отправке на 393480043854: Message: invalid session id
Stacktrace:
	GetHandleVerifier [0x00007FF78124C6A5+28789]
	(No symbol) [0x00007FF7811B5B20]
	(No symbol) [0x00007FF781048DCC]
	(No symbol) [0x00007FF78108F1CF]
	(No symbol) [0x00007FF7810C71F2]
	(No symbol) [0x00007FF7810C1B89]
	(No symbol) [0x00007FF7810C0C39]
	(No symbol) [0x00007FF781015595]
	GetHandleVerifier [0x00007FF781591AED+3458237]
	GetHandleVerifier [0x00007FF7815A829C+3550316]
	GetHandleVerifier [0x00007FF78159DB9D+3507565]
	GetHandleVerifier [0x00007FF781312C6A+841274]
	(No symbol) [0x00007FF7811C09EF]
	(No symbol) [0x00007FF7810141AE]
	GetHandleVerifier [0x00007FF7816166A8+4001912]
	BaseThreadInitThunk [0x00007FFE2D207374+20]
	RtlUserThreadStart [0x00007FFE2EE5CC91+33]

2025-02-27 10:51:37,013 - ERROR - Ошибка при отправке на 393248080280: Message: invalid session id
Stacktrace:
	GetHandleVerifier [0x00007FF78124C6A5+28789]
	(No symbol) [0x00007FF7811B5B20]
	(No symbol) [0x00007FF781048DCC]
	(No symbol) [0x00007FF78108F1CF]
	(No symbol) [0x00007FF7810C71F2]
	(No symbol) [0x00007FF7810C1B89]
	(No symbol) [0x00007FF7810C0C39]
	(No symbol) [0x00007FF781015595]
	GetHandleVerifier [0x00007FF781591AED+3458237]
	GetHandleVerifier [0x00007FF7815A829C+3550316]
	GetHandleVerifier [0x00007FF78159DB9D+3507565]
	GetHandleVerifier [0x00007FF781312C6A+841274]
	(No symbol) [0x00007FF7811C09EF]
	(No symbol) [0x00007FF7810141AE]
	GetHandleVerifier [0x00007FF7816166A8+4001912]
	BaseThreadInitThunk [0x00007FFE2D207374+20]
	RtlUserThreadStart [0x00007FFE2EE5CC91+33]

2025-02-27 10:51:37,017 - ERROR - Ошибка при отправке на 393332540706: Message: invalid session id
Stacktrace:
	GetHandleVerifier [0x00007FF78124C6A5+28789]
	(No symbol) [0x00007FF7811B5B20]
	(No symbol) [0x00007FF781048DCC]
	(No symbol) [0x00007FF78108F1CF]
	(No symbol) [0x00007FF7810C71F2]
	(No symbol) [0x00007FF7810C1B89]
	(No symbol) [0x00007FF7810C0C39]
	(No symbol) [0x00007FF781015595]
	GetHandleVerifier [0x00007FF781591AED+3458237]
	GetHandleVerifier [0x00007FF7815A829C+3550316]
	GetHandleVerifier [0x00007FF78159DB9D+3507565]
	GetHandleVerifier [0x00007FF781312C6A+841274]
	(No symbol) [0x00007FF7811C09EF]
	(No symbol) [0x00007FF7810141AE]
	GetHandleVerifier [0x00007FF7816166A8+4001912]
	BaseThreadInitThunk [0x00007FFE2D207374+20]
	RtlUserThreadStart [0x00007FFE2EE5CC91+33]

