2025-02-19 19:38:43,225 - WARNING - Retrying (Retry(total=2, connect=None, read=None, redirect=None, status=None)) after connection broken by 'NewConnectionError('<urllib3.connection.HTTPConnection object at 0x00000206620DF0E0>: Failed to establish a new connection: [WinError 10061] Подключение не установлено, т.к. конечный компьютер отверг запрос на подключение')': /session
2025-02-19 19:38:45,275 - WARNING - Retrying (Retry(total=1, connect=None, read=None, redirect=None, status=None)) after connection broken by 'NewConnectionError('<urllib3.connection.HTTPConnection object at 0x00000206621074D0>: Failed to establish a new connection: [WinError 10061] Подключение не установлено, т.к. конечный компьютер отверг запрос на подключение')': /session
2025-02-19 19:38:47,341 - WARNING - Retrying (Retry(total=0, connect=None, read=None, redirect=None, status=None)) after connection broken by 'NewConnectionError('<urllib3.connection.HTTPConnection object at 0x0000020662107750>: Failed to establish a new connection: [WinError 10061] Подключение не установлено, т.к. конечный компьютер отверг запрос на подключение')': /session
2025-02-19 19:38:49,390 - ERROR - \u274c Не удалось подключиться к порту: 9222 - HTTPConnectionPool(host='127.0.0.1', port=9222): Max retries exceeded with url: /session (Caused by NewConnectionError('<urllib3.connection.HTTPConnection object at 0x00000206620B2EA0>: Failed to establish a new connection: [WinError 10061] Подключение не установлено, т.к. конечный компьютер отверг запрос на подключение'))
2025-02-19 19:38:49,392 - WARNING - \u26a0\ufe0f Порт 9222 недоступен. Пробуем следующий.
2025-02-19 19:38:51,456 - WARNING - Retrying (Retry(total=2, connect=None, read=None, redirect=None, status=None)) after connection broken by 'NewConnectionError('<urllib3.connection.HTTPConnection object at 0x00000206620B3490>: Failed to establish a new connection: [WinError 10061] Подключение не установлено, т.к. конечный компьютер отверг запрос на подключение')': /session
2025-02-19 19:39:36,977 - ERROR - \u274c Не удалось подключиться к порту: 9222 - object of type 'int' has no len()
2025-02-19 19:39:36,978 - WARNING - \u26a0\ufe0f Порт 9222 недоступен. Пробуем следующий.
2025-02-19 19:39:39,007 - WARNING - Retrying (Retry(total=2, connect=None, read=None, redirect=None, status=None)) after connection broken by 'NewConnectionError('<urllib3.connection.HTTPConnection object at 0x0000020319DF7750>: Failed to establish a new connection: [WinError 10061] Подключение не установлено, т.к. конечный компьютер отверг запрос на подключение')': /session
2025-02-19 19:39:41,040 - WARNING - Retrying (Retry(total=1, connect=None, read=None, redirect=None, status=None)) after connection broken by 'NewConnectionError('<urllib3.connection.HTTPConnection object at 0x0000020319DF79D0>: Failed to establish a new connection: [WinError 10061] Подключение не установлено, т.к. конечный компьютер отверг запрос на подключение')': /session
2025-02-19 19:39:43,089 - WARNING - Retrying (Retry(total=0, connect=None, read=None, redirect=None, status=None)) after connection broken by 'NewConnectionError('<urllib3.connection.HTTPConnection object at 0x0000020319DA2FD0>: Failed to establish a new connection: [WinError 10061] Подключение не установлено, т.к. конечный компьютер отверг запрос на подключение')': /session
2025-02-19 19:39:45,105 - ERROR - \u274c Не удалось подключиться к порту: 9223 - HTTPConnectionPool(host='127.0.0.1', port=9223): Max retries exceeded with url: /session (Caused by NewConnectionError('<urllib3.connection.HTTPConnection object at 0x0000020319DA3230>: Failed to establish a new connection: [WinError 10061] Подключение не установлено, т.к. конечный компьютер отверг запрос на подключение'))
2025-02-19 19:39:45,106 - WARNING - \u26a0\ufe0f Порт 9223 недоступен. Пробуем следующий.
2025-02-19 19:50:46,509 - INFO - \U0001f680 Запуск бота на порту 9222
2025-02-19 19:50:46,509 - INFO - ====== WebDriver manager ======
2025-02-19 19:50:52,989 - INFO - Get LATEST chromedriver version for google-chrome
2025-02-19 19:50:53,501 - INFO - Get LATEST chromedriver version for google-chrome
2025-02-19 19:50:53,916 - INFO - Driver [C:\Users\Admin\.wdm\drivers\chromedriver\win64\133.0.6943.126\chromedriver-win32/chromedriver.exe] found in cache
2025-02-19 19:52:37,036 - INFO - \U0001f680 Запуск бота на порту 9222
2025-02-19 19:52:37,036 - INFO - ====== WebDriver manager ======
2025-02-19 19:52:38,166 - INFO - Get LATEST chromedriver version for google-chrome
2025-02-19 19:52:38,614 - INFO - Get LATEST chromedriver version for google-chrome
2025-02-19 19:52:39,014 - INFO - Driver [C:\Users\Admin\.wdm\drivers\chromedriver\win64\133.0.6943.126\chromedriver-win32/chromedriver.exe] found in cache
2025-02-19 19:52:48,224 - INFO - \U0001f680 Запуск бота на порту 9222
2025-02-19 19:52:48,224 - INFO - ====== WebDriver manager ======
2025-02-19 19:52:49,078 - INFO - Get LATEST chromedriver version for google-chrome
2025-02-19 19:52:49,488 - INFO - Get LATEST chromedriver version for google-chrome
2025-02-19 19:52:49,897 - INFO - Driver [C:\Users\Admin\.wdm\drivers\chromedriver\win64\133.0.6943.126\chromedriver-win32/chromedriver.exe] found in cache
2025-02-19 19:54:18,056 - INFO - \U0001f680 Запуск бота на порту 9222
2025-02-19 19:54:18,057 - INFO - ====== WebDriver manager ======
2025-02-19 19:54:18,963 - INFO - Get LATEST chromedriver version for google-chrome
2025-02-19 19:54:19,339 - INFO - Get LATEST chromedriver version for google-chrome
2025-02-19 19:54:19,777 - INFO - Driver [C:\Users\Admin\.wdm\drivers\chromedriver\win64\133.0.6943.126\chromedriver-win32/chromedriver.exe] found in cache
2025-02-19 19:54:44,651 - INFO - \U0001f680 Запуск бота на порту 9222
2025-02-19 19:54:44,652 - INFO - ====== WebDriver manager ======
2025-02-19 19:54:45,521 - INFO - Get LATEST chromedriver version for google-chrome
2025-02-19 19:54:45,963 - INFO - Get LATEST chromedriver version for google-chrome
2025-02-19 19:54:46,348 - INFO - Driver [C:\Users\Admin\.wdm\drivers\chromedriver\win64\133.0.6943.126\chromedriver-win32/chromedriver.exe] found in cache
2025-02-19 19:55:12,057 - INFO - \U0001f680 Запуск бота на порту 9222
2025-02-19 19:55:12,057 - INFO - ====== WebDriver manager ======
2025-02-19 19:55:12,970 - INFO - Get LATEST chromedriver version for google-chrome
2025-02-19 19:55:13,364 - INFO - Get LATEST chromedriver version for google-chrome
2025-02-19 19:55:13,755 - INFO - Driver [C:\Users\Admin\.wdm\drivers\chromedriver\win64\133.0.6943.126\chromedriver-win32/chromedriver.exe] found in cache
2025-02-19 19:56:52,371 - INFO - \U0001f680 Запуск бота на порту 9222
2025-02-19 19:56:52,426 - INFO - ====== WebDriver manager ======
2025-02-19 19:56:53,297 - INFO - Get LATEST chromedriver version for google-chrome
2025-02-19 19:56:53,741 - INFO - Get LATEST chromedriver version for google-chrome
2025-02-19 19:56:54,209 - INFO - Driver [C:\Users\Admin\.wdm\drivers\chromedriver\win64\133.0.6943.126\chromedriver-win32/chromedriver.exe] found in cache
2025-02-19 19:58:43,611 - INFO - \U0001f680 Запуск бота на порту 9222
2025-02-19 19:58:43,612 - INFO - ====== WebDriver manager ======
2025-02-19 19:58:44,514 - INFO - Get LATEST chromedriver version for google-chrome
2025-02-19 19:58:44,947 - INFO - Get LATEST chromedriver version for google-chrome
2025-02-19 19:58:45,356 - INFO - Driver [C:\Users\Admin\.wdm\drivers\chromedriver\win64\133.0.6943.126\chromedriver-win32/chromedriver.exe] found in cache
2025-02-20 09:19:37,848 - INFO - \U0001f680 Запуск бота на порту 9222
2025-02-20 09:19:37,849 - INFO - ====== WebDriver manager ======
2025-02-20 09:19:38,689 - INFO - Get LATEST chromedriver version for google-chrome
2025-02-20 09:19:39,658 - INFO - Get LATEST chromedriver version for google-chrome
2025-02-20 09:19:40,396 - INFO - Get LATEST chromedriver version for google-chrome
2025-02-20 09:19:42,292 - INFO - WebDriver version 133.0.6943.126 selected
2025-02-20 09:19:42,295 - INFO - Modern chrome version https://storage.googleapis.com/chrome-for-testing-public/133.0.6943.126/win32/chromedriver-win32.zip
2025-02-20 09:19:42,295 - INFO - About to download new driver from https://storage.googleapis.com/chrome-for-testing-public/133.0.6943.126/win32/chromedriver-win32.zip
2025-02-20 09:19:43,044 - INFO - Driver downloading response is 200
2025-02-20 09:21:28,478 - INFO - Get LATEST chromedriver version for google-chrome
2025-02-20 09:21:31,039 - INFO - Driver has been saved in cache [C:\Users\Admin\.wdm\drivers\chromedriver\win64\133.0.6943.126]
2025-02-20 09:28:47,060 - INFO - \U0001f680 Запуск бота на порту 9222
2025-02-20 09:28:47,060 - INFO - ====== WebDriver manager ======
2025-02-20 09:28:47,850 - INFO - Get LATEST chromedriver version for google-chrome
2025-02-20 09:28:48,806 - INFO - Get LATEST chromedriver version for google-chrome
2025-02-20 09:28:49,197 - INFO - Driver [C:\Users\Admin\.wdm\drivers\chromedriver\win64\133.0.6943.126\chromedriver-win32/chromedriver.exe] found in cache
2025-02-20 09:29:19,044 - INFO - \u2705 Успешная авторизация в Twitch.
2025-02-20 09:46:27,891 - INFO - \U0001f680 Запуск бота на порту 9222
2025-02-20 09:46:27,891 - INFO - ====== WebDriver manager ======
2025-02-20 09:46:28,629 - INFO - Get LATEST chromedriver version for google-chrome
2025-02-20 09:46:29,069 - INFO - Get LATEST chromedriver version for google-chrome
2025-02-20 09:46:29,458 - INFO - Driver [C:\Users\Admin\.wdm\drivers\chromedriver\win64\133.0.6943.126\chromedriver-win32/chromedriver.exe] found in cache
2025-02-20 09:46:32,912 - INFO - \u2705 Успешная авторизация в Twitch.
2025-02-20 09:55:18,230 - WARNING - \u26a0\ufe0f Порт 9223 недоступен. Пробуем следующий.
2025-02-20 10:23:51,100 - WARNING - \u26a0\ufe0f Порт 9222 недоступен. Пробуем следующий.
2025-02-20 10:23:53,162 - WARNING - \u26a0\ufe0f Порт 9223 недоступен. Пробуем следующий.
2025-02-20 10:24:21,546 - INFO - \U0001f680 Запуск бота на порту 9222
2025-02-20 10:24:21,546 - INFO - ====== WebDriver manager ======
2025-02-20 10:24:22,652 - INFO - Get LATEST chromedriver version for google-chrome
2025-02-20 10:24:23,074 - INFO - Get LATEST chromedriver version for google-chrome
2025-02-20 10:24:23,465 - INFO - Driver [C:\Users\Admin\.wdm\drivers\chromedriver\win64\133.0.6943.126\chromedriver-win32/chromedriver.exe] found in cache
2025-02-20 10:24:26,902 - INFO - \u2705 Успешная авторизация в Twitch.
2025-02-21 10:37:43,545 - WARNING - \u26a0\ufe0f Порт 9222 недоступен. Пропускаем.
2025-02-21 10:37:45,616 - WARNING - \u26a0\ufe0f Порт 9223 недоступен. Пропускаем.
2025-02-21 11:04:21,237 - INFO - \U0001f680 Подключение к браузеру на порту 9222
2025-02-21 11:04:21,238 - INFO - ====== WebDriver manager ======
2025-02-21 11:04:22,280 - INFO - Get LATEST chromedriver version for google-chrome
2025-02-21 11:04:22,748 - INFO - Get LATEST chromedriver version for google-chrome
2025-02-21 11:04:23,156 - INFO - Driver [C:\Users\Admin\.wdm\drivers\chromedriver\win64\133.0.6943.126\chromedriver-win32/chromedriver.exe] found in cache
2025-02-21 11:04:24,269 - INFO - \u2705 Бот подключился к #absolut3
2025-02-21 11:04:24,269 - INFO - \u2705 Бот подключился к #adriplaymx
2025-02-21 11:04:24,269 - INFO - \u2705 Бот подключился к #bluvdbundl
2025-02-21 11:04:24,269 - INFO - \u2705 Бот подключился к #ceejdaking
2025-02-21 11:04:24,269 - INFO - \u2705 Бот подключился к #elpotencial
2025-02-21 11:04:24,269 - INFO - \u2705 Бот подключился к #grimm
2025-02-21 11:04:24,270 - INFO - \u2705 Бот подключился к #hawaiian_man_
2025-02-21 11:04:24,270 - INFO - \u2705 Бот подключился к #iamadept
2025-02-21 11:04:24,270 - INFO - \u2705 Бот подключился к #itsmerawtalent
2025-02-21 11:04:24,270 - INFO - \u2705 Бот подключился к #kaxizinho
2025-02-21 11:04:24,270 - INFO - \u2705 Бот подключился к #king_2430
2025-02-21 11:04:24,270 - INFO - \u2705 Бот подключился к #maze43
2025-02-21 11:04:24,270 - INFO - \u2705 Бот подключился к #nicco_bruh
2025-02-21 11:04:24,270 - INFO - \u2705 Бот подключился к #nls_66
2025-02-21 11:04:24,270 - INFO - \u2705 Бот подключился к #nuke73
2025-02-21 11:04:24,270 - INFO - \u2705 Бот подключился к #ps1chy
2025-02-21 11:04:24,270 - INFO - \u2705 Бот подключился к #sanctifyed
2025-02-21 11:04:24,270 - INFO - \u2705 Бот подключился к #santaaitor
2025-02-21 11:04:24,270 - INFO - \u2705 Бот подключился к #sorrydastik
2025-02-21 11:04:24,270 - INFO - \u2705 Бот подключился к #vice_ps
2025-02-21 11:04:24,271 - INFO - \u2705 Бот подключился к #zaynwoo
2025-02-21 11:04:24,271 - INFO - \u2705 Бот подключился к #zypic_
2025-02-21 12:30:25,225 - INFO - \U0001f680 Подключение к браузеру на порту 9222
2025-02-21 12:30:25,226 - INFO - ====== WebDriver manager ======
2025-02-21 12:30:25,963 - INFO - Get LATEST chromedriver version for google-chrome
2025-02-21 12:30:26,382 - INFO - Get LATEST chromedriver version for google-chrome
2025-02-21 12:30:26,789 - INFO - Driver [C:\Users\Admin\.wdm\drivers\chromedriver\win64\133.0.6943.126\chromedriver-win32/chromedriver.exe] found in cache
2025-02-21 12:30:27,929 - INFO - \u2705 Бот подключился к #
2025-02-21 12:30:27,930 - INFO - \u2705 Бот подключился к #aes_daniel
2025-02-21 12:30:27,930 - INFO - \u2705 Бот подключился к #bigrussianmum
2025-02-21 12:30:27,930 - INFO - \u2705 Бот подключился к #chepatv1
2025-02-21 12:30:27,930 - INFO - \u2705 Бот подключился к #cs2_paragon_ru
2025-02-21 12:30:27,930 - INFO - \u2705 Бот подключился к #dikflair
2025-02-21 12:30:27,930 - INFO - \u2705 Бот подключился к #erikwoll
2025-02-21 12:30:27,930 - INFO - \u2705 Бот подключился к #esl_dota2
2025-02-21 12:30:27,930 - INFO - \u2705 Бот подключился к #eslcs
2025-02-21 12:30:27,930 - INFO - \u2705 Бот подключился к #glavniy_pakostnik
2025-02-21 12:30:27,931 - INFO - \u2705 Бот подключился к #hikirayt
2025-02-21 12:30:27,931 - INFO - \u2705 Бот подключился к #jebbait
2025-02-21 12:30:27,931 - INFO - \u2705 Бот подключился к #jeilop24xd
2025-02-21 12:30:27,931 - INFO - \u2705 Бот подключился к #ka1nn1337
2025-02-21 12:30:27,931 - INFO - \u2705 Бот подключился к #ky1ich88
2025-02-21 12:30:27,931 - INFO - \u2705 Бот подключился к #limitlessqt
2025-02-21 12:30:27,931 - INFO - \u2705 Бот подключился к #lis13lis
2025-02-21 12:30:27,931 - INFO - \u2705 Бот подключился к #mandarimki
2025-02-21 12:30:27,931 - INFO - \u2705 Бот подключился к #matric_a
2025-02-21 12:30:27,931 - INFO - \u2705 Бот подключился к #megachel0_o
2025-02-21 12:30:27,931 - INFO - \u2705 Бот подключился к #mrcherh1l
2025-02-21 12:30:27,931 - INFO - \u2705 Бот подключился к #nerrozxiii
2025-02-21 12:30:27,931 - INFO - \u2705 Бот подключился к #offme7
2025-02-21 12:30:27,931 - INFO - \u2705 Бот подключился к #pathofexilebota
2025-02-21 12:30:27,931 - INFO - \u2705 Бот подключился к #pgl
2025-02-21 12:30:27,932 - INFO - \u2705 Бот подключился к #potatrobocop
2025-02-21 12:30:27,932 - INFO - \u2705 Бот подключился к #prodigyy_o
2025-02-21 12:30:27,932 - INFO - \u2705 Бот подключился к #psyhopatya
2025-02-21 12:30:27,932 - INFO - \u2705 Бот подключился к #shroud
2025-02-21 12:30:27,932 - INFO - \u2705 Бот подключился к #silvername
2025-02-21 12:30:27,932 - INFO - \u2705 Бот подключился к #st2ck
2025-02-21 12:30:27,932 - INFO - \u2705 Бот подключился к #teflon2790929
2025-02-21 12:30:27,932 - INFO - \u2705 Бот подключился к #th4face
2025-02-21 12:30:27,932 - INFO - \u2705 Бот подключился к #tpabomah
2025-02-21 12:30:27,932 - INFO - \u2705 Бот подключился к #ttv_specosal
2025-02-21 12:30:27,932 - INFO - \u2705 Бот подключился к #txncek
2025-02-21 12:30:27,932 - INFO - \u2705 Бот подключился к #wazapaim
2025-02-21 12:30:27,932 - INFO - \u2705 Бот подключился к #wesp1533211971
2025-02-21 12:30:27,932 - INFO - \u2705 Бот подключился к #wilcoffev
2025-02-21 12:30:27,932 - INFO - \u2705 Бот подключился к #yzumaki7b
2025-02-21 12:41:44,685 - INFO - \U0001f680 Подключение к браузеру на порту 9222
2025-02-21 12:41:44,686 - INFO - ====== WebDriver manager ======
2025-02-21 12:41:45,534 - INFO - Get LATEST chromedriver version for google-chrome
2025-02-21 12:41:46,024 - INFO - Get LATEST chromedriver version for google-chrome
2025-02-21 12:41:46,451 - INFO - Driver [C:\Users\Admin\.wdm\drivers\chromedriver\win64\133.0.6943.126\chromedriver-win32/chromedriver.exe] found in cache
2025-02-21 12:41:47,621 - INFO - \u2705 Бот подключился к #
2025-02-21 12:41:47,621 - INFO - \u2705 Бот подключился к #0900333456s
2025-02-21 12:41:47,621 - INFO - \u2705 Бот подключился к #bob_serbia
2025-02-21 12:41:47,622 - INFO - \u2705 Бот подключился к #bysl4m
2025-02-21 12:41:47,622 - INFO - \u2705 Бот подключился к #cs2_paragon_ru
2025-02-21 12:41:47,622 - INFO - \u2705 Бот подключился к #dior6996
2025-02-21 12:41:47,622 - INFO - \u2705 Бот подключился к #esl_dota2
2025-02-21 12:41:47,622 - INFO - \u2705 Бот подключился к #eslcs
2025-02-21 12:41:47,622 - INFO - \u2705 Бот подключился к #f1z_cs
2025-02-21 12:41:47,622 - INFO - \u2705 Бот подключился к #fate090
2025-02-21 12:41:47,622 - INFO - \u2705 Бот подключился к #hellyeahplay
2025-02-21 12:41:47,622 - INFO - \u2705 Бот подключился к #ilkass_
2025-02-21 12:41:47,622 - INFO - \u2705 Бот подключился к #illidanstr
2025-02-21 12:41:47,622 - INFO - \u2705 Бот подключился к #jebbait
2025-02-21 12:41:47,622 - INFO - \u2705 Бот подключился к #jeilop24xd
2025-02-21 12:41:47,622 - INFO - \u2705 Бот подключился к #krang8964
2025-02-21 12:41:47,622 - INFO - \u2705 Бот подключился к #kufuru
2025-02-21 12:41:47,622 - INFO - \u2705 Бот подключился к #ky1ich88
2025-02-21 12:41:47,622 - INFO - \u2705 Бот подключился к #limitlessqt
2025-02-21 12:41:47,622 - INFO - \u2705 Бот подключился к #lis13lis
2025-02-21 12:41:47,622 - INFO - \u2705 Бот подключился к #lolhuztl3r50
2025-02-21 12:41:47,622 - INFO - \u2705 Бот подключился к #makseel
2025-02-21 12:41:47,622 - INFO - \u2705 Бот подключился к #mandarimki
2025-02-21 12:41:47,622 - INFO - \u2705 Бот подключился к #monic_6
2025-02-21 12:41:47,622 - INFO - \u2705 Бот подключился к #offme7
2025-02-21 12:41:47,623 - INFO - \u2705 Бот подключился к #pgl
2025-02-21 12:41:47,623 - INFO - \u2705 Бот подключился к #potatrobocop
2025-02-21 12:41:47,623 - INFO - \u2705 Бот подключился к #prodigyy_o
2025-02-21 12:41:47,623 - INFO - \u2705 Бот подключился к #psyhopatya
2025-02-21 12:41:47,623 - INFO - \u2705 Бот подключился к #raeneja
2025-02-21 12:41:47,623 - INFO - \u2705 Бот подключился к #silvername
2025-02-21 12:41:47,623 - INFO - \u2705 Бот подключился к #st2ck
2025-02-21 12:41:47,623 - INFO - \u2705 Бот подключился к #teflon2790929
2025-02-21 12:41:47,623 - INFO - \u2705 Бот подключился к #th4face
2025-02-21 12:41:47,623 - INFO - \u2705 Бот подключился к #thatboyolllie
2025-02-21 12:41:47,623 - INFO - \u2705 Бот подключился к #tpabomah
2025-02-21 12:41:47,623 - INFO - \u2705 Бот подключился к #wazapaim
2025-02-21 12:41:47,623 - INFO - \u2705 Бот подключился к #wesp1533211971
2025-02-21 12:41:47,623 - INFO - \u2705 Бот подключился к #wilcoffev
2025-02-21 12:41:47,623 - INFO - \u2705 Бот подключился к #yxrjxn
2025-02-21 12:43:12,513 - INFO - \U0001f680 Подключение к браузеру на порту 9222
2025-02-21 12:43:12,516 - INFO - ====== WebDriver manager ======
2025-02-21 12:43:13,700 - INFO - Get LATEST chromedriver version for google-chrome
2025-02-21 12:43:14,126 - INFO - Get LATEST chromedriver version for google-chrome
2025-02-21 12:43:14,639 - INFO - Driver [C:\Users\Admin\.wdm\drivers\chromedriver\win64\133.0.6943.126\chromedriver-win32/chromedriver.exe] found in cache
2025-02-21 12:43:15,651 - INFO - \u2705 Бот подключился к #
2025-02-21 12:43:15,652 - INFO - \u2705 Бот подключился к #0900333456s
2025-02-21 12:43:15,652 - INFO - \u2705 Бот подключился к #bob_serbia
2025-02-21 12:43:15,652 - INFO - \u2705 Бот подключился к #bysl4m
2025-02-21 12:43:15,652 - INFO - \u2705 Бот подключился к #cs2_paragon_ru
2025-02-21 12:43:15,652 - INFO - \u2705 Бот подключился к #dior6996
2025-02-21 12:43:15,652 - INFO - \u2705 Бот подключился к #esl_dota2
2025-02-21 12:43:15,652 - INFO - \u2705 Бот подключился к #eslcs
2025-02-21 12:43:15,652 - INFO - \u2705 Бот подключился к #f1z_cs
2025-02-21 12:43:15,652 - INFO - \u2705 Бот подключился к #fate090
2025-02-21 12:43:15,652 - INFO - \u2705 Бот подключился к #hellyeahplay
2025-02-21 12:43:15,653 - INFO - \u2705 Бот подключился к #ilkass_
2025-02-21 12:43:15,653 - INFO - \u2705 Бот подключился к #illidanstr
2025-02-21 12:43:15,653 - INFO - \u2705 Бот подключился к #jebbait
2025-02-21 12:43:15,653 - INFO - \u2705 Бот подключился к #jeilop24xd
2025-02-21 12:43:15,653 - INFO - \u2705 Бот подключился к #krang8964
2025-02-21 12:43:15,653 - INFO - \u2705 Бот подключился к #kufuru
2025-02-21 12:43:15,653 - INFO - \u2705 Бот подключился к #ky1ich88
2025-02-21 12:43:15,653 - INFO - \u2705 Бот подключился к #limitlessqt
2025-02-21 12:43:15,653 - INFO - \u2705 Бот подключился к #lis13lis
2025-02-21 12:43:15,653 - INFO - \u2705 Бот подключился к #lolhuztl3r50
2025-02-21 12:43:15,654 - INFO - \u2705 Бот подключился к #makseel
2025-02-21 12:43:15,654 - INFO - \u2705 Бот подключился к #mandarimki
2025-02-21 12:43:15,654 - INFO - \u2705 Бот подключился к #monic_6
2025-02-21 12:43:15,654 - INFO - \u2705 Бот подключился к #offme7
2025-02-21 12:43:15,654 - INFO - \u2705 Бот подключился к #pgl
2025-02-21 12:43:15,654 - INFO - \u2705 Бот подключился к #potatrobocop
2025-02-21 12:43:15,654 - INFO - \u2705 Бот подключился к #prodigyy_o
2025-02-21 12:43:15,654 - INFO - \u2705 Бот подключился к #psyhopatya
2025-02-21 12:43:15,654 - INFO - \u2705 Бот подключился к #raeneja
2025-02-21 12:43:15,654 - INFO - \u2705 Бот подключился к #silvername
2025-02-21 12:43:15,654 - INFO - \u2705 Бот подключился к #st2ck
2025-02-21 12:43:15,655 - INFO - \u2705 Бот подключился к #teflon2790929
2025-02-21 12:43:15,655 - INFO - \u2705 Бот подключился к #th4face
2025-02-21 12:43:15,655 - INFO - \u2705 Бот подключился к #thatboyolllie
2025-02-21 12:43:15,655 - INFO - \u2705 Бот подключился к #tpabomah
2025-02-21 12:43:15,655 - INFO - \u2705 Бот подключился к #wazapaim
2025-02-21 12:43:15,655 - INFO - \u2705 Бот подключился к #wesp1533211971
2025-02-21 12:43:15,655 - INFO - \u2705 Бот подключился к #wilcoffev
2025-02-21 12:43:15,655 - INFO - \u2705 Бот подключился к #yxrjxn
2025-02-21 15:56:19,793 - INFO - \U0001f680 Подключение к браузеру на порту 9222
2025-02-21 15:56:19,794 - INFO - ====== WebDriver manager ======
2025-02-21 15:56:22,132 - INFO - Get LATEST chromedriver version for google-chrome
2025-02-21 15:56:22,627 - INFO - Get LATEST chromedriver version for google-chrome
2025-02-21 15:56:23,166 - INFO - Driver [C:\Users\Admin\.wdm\drivers\chromedriver\win64\133.0.6943.126\chromedriver-win32/chromedriver.exe] found in cache
2025-02-21 15:56:24,421 - INFO - \u2705 Бот подключился к #
2025-02-21 15:56:24,422 - INFO - \u2705 Бот подключился к #0900333456s
2025-02-21 15:56:24,422 - INFO - \u2705 Бот подключился к #bizaut54
2025-02-21 15:56:24,422 - INFO - \u2705 Бот подключился к #blackhoston2000
2025-02-21 15:56:24,422 - INFO - \u2705 Бот подключился к #bob_serbia
2025-02-21 15:56:24,422 - INFO - \u2705 Бот подключился к #bysl4m
2025-02-21 15:56:24,422 - INFO - \u2705 Бот подключился к #cs2_paragon_ru
2025-02-21 15:56:24,422 - INFO - \u2705 Бот подключился к #esl_dota2
2025-02-21 15:56:24,422 - INFO - \u2705 Бот подключился к #eslcs
2025-02-21 15:56:24,422 - INFO - \u2705 Бот подключился к #hellyeahplay
2025-02-21 15:56:24,422 - INFO - \u2705 Бот подключился к #illidanstr
2025-02-21 15:56:24,422 - INFO - \u2705 Бот подключился к #jebbait
2025-02-21 15:56:24,422 - INFO - \u2705 Бот подключился к #jeilop24xd
2025-02-21 15:56:24,423 - INFO - \u2705 Бот подключился к #kufuru
2025-02-21 15:56:24,423 - INFO - \u2705 Бот подключился к #ky1ich88
2025-02-21 15:56:24,423 - INFO - \u2705 Бот подключился к #limitlessqt
2025-02-21 15:56:24,423 - INFO - \u2705 Бот подключился к #lis13lis
2025-02-21 15:56:24,423 - INFO - \u2705 Бот подключился к #mandarimki
2025-02-21 15:56:24,423 - INFO - \u2705 Бот подключился к #monic_6
2025-02-21 15:56:24,423 - INFO - \u2705 Бот подключился к #moons41ne
2025-02-21 15:56:24,423 - INFO - \u2705 Бот подключился к #noxiousenlive
2025-02-21 15:56:24,423 - INFO - \u2705 Бот подключился к #nunexgmp
2025-02-21 15:56:24,423 - INFO - \u2705 Бот подключился к #offme7
2025-02-21 15:56:24,423 - INFO - \u2705 Бот подключился к #pableosso
2025-02-21 15:56:24,423 - INFO - \u2705 Бот подключился к #pgl
2025-02-21 15:56:24,424 - INFO - \u2705 Бот подключился к #potatrobocop
2025-02-21 15:56:24,424 - INFO - \u2705 Бот подключился к #psyhopatya
2025-02-21 15:56:24,424 - INFO - \u2705 Бот подключился к #qts08
2025-02-21 15:56:24,424 - INFO - \u2705 Бот подключился к #r3ykich
2025-02-21 15:56:24,424 - INFO - \u2705 Бот подключился к #silvername
2025-02-21 15:56:24,424 - INFO - \u2705 Бот подключился к #sky_patrons
2025-02-21 15:56:24,424 - INFO - \u2705 Бот подключился к #st2ck
2025-02-21 15:56:24,424 - INFO - \u2705 Бот подключился к #teflon2790929
2025-02-21 15:56:24,424 - INFO - \u2705 Бот подключился к #th4face
2025-02-21 15:56:24,424 - INFO - \u2705 Бот подключился к #tpabomah
2025-02-21 15:56:24,424 - INFO - \u2705 Бот подключился к #virtuals__
2025-02-21 15:56:24,424 - INFO - \u2705 Бот подключился к #wesp1533211971
2025-02-21 15:56:24,424 - INFO - \u2705 Бот подключился к #wezzx0
2025-02-21 15:56:24,424 - INFO - \u2705 Бот подключился к #x0ma6660
2025-02-21 15:56:24,425 - INFO - \u2705 Бот подключился к #yxrjxn
2025-02-21 15:56:24,755 - INFO - \u2705 Бот подключился к #
2025-02-21 15:56:24,755 - INFO - \u2705 Бот подключился к #0900333456s
2025-02-21 15:56:24,756 - INFO - \u2705 Бот подключился к #bizaut54
2025-02-21 15:56:24,756 - INFO - \u2705 Бот подключился к #blackhoston2000
2025-02-21 15:56:24,756 - INFO - \u2705 Бот подключился к #bob_serbia
2025-02-21 15:56:24,756 - INFO - \u2705 Бот подключился к #bysl4m
2025-02-21 15:56:24,756 - INFO - \u2705 Бот подключился к #cs2_paragon_ru
2025-02-21 15:56:24,756 - INFO - \u2705 Бот подключился к #esl_dota2
2025-02-21 15:56:24,756 - INFO - \u2705 Бот подключился к #eslcs
2025-02-21 15:56:24,756 - INFO - \u2705 Бот подключился к #hellyeahplay
2025-02-21 15:56:24,756 - INFO - \u2705 Бот подключился к #illidanstr
2025-02-21 15:56:24,756 - INFO - \u2705 Бот подключился к #jebbait
2025-02-21 15:56:24,756 - INFO - \u2705 Бот подключился к #jeilop24xd
2025-02-21 15:56:24,756 - INFO - \u2705 Бот подключился к #kufuru
2025-02-21 15:56:24,756 - INFO - \u2705 Бот подключился к #ky1ich88
2025-02-21 15:56:24,756 - INFO - \u2705 Бот подключился к #limitlessqt
2025-02-21 15:56:24,757 - INFO - \u2705 Бот подключился к #lis13lis
2025-02-21 15:56:24,757 - INFO - \u2705 Бот подключился к #mandarimki
2025-02-21 15:56:24,757 - INFO - \u2705 Бот подключился к #monic_6
2025-02-21 15:56:24,757 - INFO - \u2705 Бот подключился к #moons41ne
2025-02-21 15:56:24,757 - INFO - \u2705 Бот подключился к #noxiousenlive
2025-02-21 15:56:24,757 - INFO - \u2705 Бот подключился к #nunexgmp
2025-02-21 15:56:24,757 - INFO - \u2705 Бот подключился к #offme7
2025-02-21 15:56:24,757 - INFO - \u2705 Бот подключился к #pableosso
2025-02-21 15:56:24,757 - INFO - \u2705 Бот подключился к #pgl
2025-02-21 15:56:24,757 - INFO - \u2705 Бот подключился к #potatrobocop
2025-02-21 15:56:24,757 - INFO - \u2705 Бот подключился к #psyhopatya
2025-02-21 15:56:24,757 - INFO - \u2705 Бот подключился к #qts08
2025-02-21 15:56:24,757 - INFO - \u2705 Бот подключился к #r3ykich
2025-02-21 15:56:24,757 - INFO - \u2705 Бот подключился к #silvername
2025-02-21 15:56:24,757 - INFO - \u2705 Бот подключился к #sky_patrons
2025-02-21 15:56:24,757 - INFO - \u2705 Бот подключился к #st2ck
2025-02-21 15:56:24,758 - INFO - \u2705 Бот подключился к #teflon2790929
2025-02-21 15:56:24,758 - INFO - \u2705 Бот подключился к #th4face
2025-02-21 15:56:24,758 - INFO - \u2705 Бот подключился к #tpabomah
2025-02-21 15:56:24,758 - INFO - \u2705 Бот подключился к #virtuals__
2025-02-21 15:56:24,758 - INFO - \u2705 Бот подключился к #wesp1533211971
2025-02-21 15:56:24,758 - INFO - \u2705 Бот подключился к #wezzx0
2025-02-21 15:56:24,758 - INFO - \u2705 Бот подключился к #x0ma6660
2025-02-21 15:56:24,758 - INFO - \u2705 Бот подключился к #yxrjxn
2025-02-21 15:56:24,759 - INFO - \U0001f4ac [#] go next one?
